Copyright 1986-2018 Xilinx, Inc. All Rights Reserved.
------------------------------------------------------------------------------------
| Tool Version : Vivado v.2018.3 (win64) Build 2405991 Thu Dec  6 23:38:27 MST 2018
| Date         : Tue Feb 20 16:36:43 2024
| Host         : ZhouMiao running 64-bit major release  (build 9200)
| Command      : report_clock_utilization -file system_clock_utilization_routed.rpt
| Design       : system
| Device       : 7a200t-fbg484
| Speed File   : -2  PRODUCTION 1.23 2018-06-13
------------------------------------------------------------------------------------

Clock Utilization Report

Table of Contents
-----------------
1. Clock Primitive Utilization
2. Global Clock Resources
3. Global Clock Source Details
4. Clock Regions: Key Resource Utilization
5. Clock Regions : Global Clock Summary
6. Device Cell Placement Summary for Global Clock g0
7. Device Cell Placement Summary for Global Clock g1
8. Device Cell Placement Summary for Global Clock g2
9. Device Cell Placement Summary for Global Clock g3
10. Device Cell Placement Summary for Global Clock g4
11. Device Cell Placement Summary for Global Clock g5
12. Device Cell Placement Summary for Global Clock g6
13. Device Cell Placement Summary for Global Clock g7
14. Device Cell Placement Summary for Global Clock g8
15. Device Cell Placement Summary for Global Clock g9
16. Device Cell Placement Summary for Global Clock g10
17. Device Cell Placement Summary for Global Clock g11
18. Device Cell Placement Summary for Global Clock g12
19. Clock Region Cell Placement per Global Clock: Region X0Y1
20. Clock Region Cell Placement per Global Clock: Region X1Y1
21. Clock Region Cell Placement per Global Clock: Region X0Y2
22. Clock Region Cell Placement per Global Clock: Region X1Y2
23. Clock Region Cell Placement per Global Clock: Region X0Y3
24. Clock Region Cell Placement per Global Clock: Region X1Y3

1. Clock Primitive Utilization
------------------------------

+----------+------+-----------+-----+--------------+--------+
| Type     | Used | Available | LOC | Clock Region | Pblock |
+----------+------+-----------+-----+--------------+--------+
| BUFGCTRL |   13 |        32 |   0 |            0 |      0 |
| BUFH     |    0 |       120 |   0 |            0 |      0 |
| BUFIO    |    0 |        40 |   0 |            0 |      0 |
| BUFMR    |    0 |        20 |   0 |            0 |      0 |
| BUFR     |    0 |        40 |   0 |            0 |      0 |
| MMCM     |    1 |        10 |   0 |            0 |      0 |
| PLL      |    0 |        10 |   0 |            0 |      0 |
+----------+------+-----------+-----+--------------+--------+


2. Global Clock Resources
-------------------------

+-----------+-----------+-----------------+------------+----------------+--------------+-------------------+-------------+-----------------+--------------+---------------+-----------------------------------------+-----------------------------------------------------------------------------------------+
| Global Id | Source Id | Driver Type/Pin | Constraint | Site           | Clock Region | Load Clock Region | Clock Loads | Non-Clock Loads | Clock Period | Clock         | Driver Pin                              | Net                                                                                     |
+-----------+-----------+-----------------+------------+----------------+--------------+-------------------+-------------+-----------------+--------------+---------------+-----------------------------------------+-----------------------------------------------------------------------------------------+
| g0        | src0      | BUFG/O          | None       | BUFGCTRL_X0Y0  | n/a          |                 5 |        7409 |               0 |       62.500 | clk_out2_mmcm | qout_r_reg[0]_i_2__9/O                  | u_e203_subsys_top/hfclk                                                                 |
| g1        | src1      | BUFG/O          | None       | BUFGCTRL_X0Y1  | n/a          |                 3 |        1454 |               0 |       62.500 | clk_out2_mmcm | qout_r_reg[31]_i_3/O                    | u_e203_subsys_top/core_csr_clk                                                          |
| g2        | src2      | BUFG/O          | None       | BUFGCTRL_X0Y2  | n/a          |                 2 |         991 |               4 |    30517.582 | sys_clk_pin   | CLK32768KHZ_IBUF_BUFG_inst/O            | CLK32768KHZ_IBUF_BUFG                                                                   |
| g3        | src3      | BUFG/O          | None       | BUFGCTRL_X0Y3  | n/a          |                 2 |         197 |               0 |              |               | dut_io_pads_jtag_TCK_i_ival_BUFG_inst/O | dut_io_pads_jtag_TCK_i_ival_BUFG                                                        |
| g4        | src4      | BUFG/O          | None       | BUFGCTRL_X0Y4  | n/a          |                 1 |         183 |               0 |       62.500 | clk_out2_mmcm | qout_r_reg[31]_i_2__1/O                 | u_e203_subsys_top/u_e203_subsys_main/u_e203_cpu_top/u_e203_cpu/clk_core_ifu             |
| g5        | src5      | BUFG/O          | None       | BUFGCTRL_X0Y6  | n/a          |                 4 |         171 |               0 |       62.500 | clk_out2_mmcm | r_active_reg_i_2__0/O                   | u_e203_subsys_top/u_e203_subsys_main/u_e203_subsys_perips/u_perips_apb_pwm/s_clk_timer0 |
| g6        | src6      | BUFG/O          | None       | BUFGCTRL_X0Y7  | n/a          |                 4 |         171 |               0 |       62.500 | clk_out2_mmcm | r_active_reg_i_2__1/O                   | u_e203_subsys_top/u_e203_subsys_main/u_e203_subsys_perips/u_perips_apb_pwm/s_clk_timer1 |
| g7        | src7      | BUFG/O          | None       | BUFGCTRL_X0Y8  | n/a          |                 3 |         171 |               0 |       62.500 | clk_out2_mmcm | r_active_reg_i_2__2/O                   | u_e203_subsys_top/u_e203_subsys_main/u_e203_subsys_perips/u_perips_apb_pwm/s_clk_timer2 |
| g8        | src8      | BUFG/O          | None       | BUFGCTRL_X0Y5  | n/a          |                 3 |         171 |               0 |       62.500 | clk_out2_mmcm | r_active_reg_i_2/O                      | u_e203_subsys_top/u_e203_subsys_main/u_e203_subsys_perips/u_perips_apb_pwm/s_clk_timer3 |
| g9        | src9      | BUFG/O          | None       | BUFGCTRL_X0Y9  | n/a          |                 2 |         112 |               0 |       62.500 | clk_out2_mmcm | qout_r_reg[0]_i_2__10/O                 | u_e203_subsys_top/u_e203_subsys_main/u_e203_cpu_top/u_e203_cpu/clk_core_biu             |
| g10       | src10     | BUFG/O          | None       | BUFGCTRL_X0Y10 | n/a          |                 1 |          79 |               0 |       62.500 | clk_out2_mmcm | qout_r_reg[0]_i_2__11/O                 | u_e203_subsys_top/u_e203_subsys_main/u_e203_cpu_top/u_e203_cpu/clk_core_lsu             |
| g11       | src11     | BUFG/O          | None       | BUFGCTRL_X0Y11 | n/a          |                 3 |          14 |              19 |       62.500 | clk_out2_mmcm | ip_mmcm/inst/clkout2_buf/O              | ip_mmcm/inst/clk_out2                                                                   |
| g12       | src11     | BUFG/O          | None       | BUFGCTRL_X0Y12 | n/a          |                 1 |           1 |               0 |       10.000 | clkfbout_mmcm | ip_mmcm/inst/clkf_buf/O                 | ip_mmcm/inst/clkfbout_buf_mmcm                                                          |
+-----------+-----------+-----------------+------------+----------------+--------------+-------------------+-------------+-----------------+--------------+---------------+-----------------------------------------+-----------------------------------------------------------------------------------------+
* Clock Loads column represents the clock pin loads (pin count)
** Non-Clock Loads column represents the non-clock pin loads (pin count)


3. Global Clock Source Details
------------------------------

+-----------+-----------+---------------------+------------+-----------------+--------------+-------------+-----------------+---------------------+---------------+-----------------------------------------------------------------------------------------------------------------------+------------------------------------------------------------------------------------------------------------------------+
| Source Id | Global Id | Driver Type/Pin     | Constraint | Site            | Clock Region | Clock Loads | Non-Clock Loads | Source Clock Period | Source Clock  | Driver Pin                                                                                                            | Net                                                                                                                    |
+-----------+-----------+---------------------+------------+-----------------+--------------+-------------+-----------------+---------------------+---------------+-----------------------------------------------------------------------------------------------------------------------+------------------------------------------------------------------------------------------------------------------------+
| src0      | g0        | LUT4/O              | None       | SLICE_X84Y146   | X1Y2         |           1 |               0 |              62.500 | clk_out2_mmcm | dut/u_e203_subsys_top/u_e203_subsys_main/u_e203_subsys_hclkgen/u_e203_subsys_gfcm/u_clk0_clkgate/qout_r[0]_i_4__28/O  | dut/u_e203_subsys_top/u_e203_subsys_main/u_e203_subsys_hclkgen/u_e203_subsys_gfcm/u_clk0_clkgate/clk0_sync_r_reg[1]_13 |
| src1      | g1        | LUT5/O              | None       | SLICE_X84Y145   | X1Y2         |           1 |               0 |              62.500 | clk_out2_mmcm | dut/u_e203_subsys_top/u_e203_subsys_main/u_e203_subsys_hclkgen/u_e203_subsys_gfcm/u_clk0_clkgate/qout_r[31]_i_14__2/O | dut/u_e203_subsys_top/u_e203_subsys_main/u_e203_subsys_hclkgen/u_e203_subsys_gfcm/u_clk0_clkgate/clk0_sync_r_reg[1]_5  |
| src2      | g2        | IBUF/O              | IOB_X0Y124 | IOB_X0Y124      | X0Y2         |           1 |               0 |           30517.582 | sys_clk_pin   | CLK32768KHZ_IBUF_inst/O                                                                                               | CLK32768KHZ_IBUF                                                                                                       |
| src3      | g3        | IBUF/O              | IOB_X0Y106 | IOB_X0Y106      | X0Y2         |           1 |               0 |                     |               | IOBUF_jtag_TCK/IBUF/O                                                                                                 | IOBUF_jtag_TCK/O                                                                                                       |
| src4      | g4        | LUT5/O              | None       | SLICE_X84Y145   | X1Y2         |           1 |               0 |              62.500 | clk_out2_mmcm | dut/u_e203_subsys_top/u_e203_subsys_main/u_e203_subsys_hclkgen/u_e203_subsys_gfcm/u_clk0_clkgate/qout_r[31]_i_5__18/O | dut/u_e203_subsys_top/u_e203_subsys_main/u_e203_subsys_hclkgen/u_e203_subsys_gfcm/u_clk0_clkgate/clk0_sync_r_reg[1]_4  |
| src5      | g5        | LUT5/O              | None       | SLICE_X84Y146   | X1Y2         |           1 |               0 |              62.500 | clk_out2_mmcm | dut/u_e203_subsys_top/u_e203_subsys_main/u_e203_subsys_hclkgen/u_e203_subsys_gfcm/u_clk0_clkgate/r_active_i_3__0/O    | dut/u_e203_subsys_top/u_e203_subsys_main/u_e203_subsys_hclkgen/u_e203_subsys_gfcm/u_clk0_clkgate/clk0_sync_r_reg[1]_1  |
| src6      | g6        | LUT5/O              | None       | SLICE_X84Y146   | X1Y2         |           1 |               0 |              62.500 | clk_out2_mmcm | dut/u_e203_subsys_top/u_e203_subsys_main/u_e203_subsys_hclkgen/u_e203_subsys_gfcm/u_clk0_clkgate/r_active_i_3__1/O    | dut/u_e203_subsys_top/u_e203_subsys_main/u_e203_subsys_hclkgen/u_e203_subsys_gfcm/u_clk0_clkgate/clk0_sync_r_reg[1]_2  |
| src7      | g7        | LUT5/O              | None       | SLICE_X84Y146   | X1Y2         |           1 |               0 |              62.500 | clk_out2_mmcm | dut/u_e203_subsys_top/u_e203_subsys_main/u_e203_subsys_hclkgen/u_e203_subsys_gfcm/u_clk0_clkgate/r_active_i_3/O       | dut/u_e203_subsys_top/u_e203_subsys_main/u_e203_subsys_hclkgen/u_e203_subsys_gfcm/u_clk0_clkgate/clk0_sync_r_reg[1]_0  |
| src8      | g8        | LUT5/O              | None       | SLICE_X84Y146   | X1Y2         |           1 |               0 |              62.500 | clk_out2_mmcm | dut/u_e203_subsys_top/u_e203_subsys_main/u_e203_subsys_hclkgen/u_e203_subsys_gfcm/u_clk0_clkgate/r_active_i_3__2/O    | dut/u_e203_subsys_top/u_e203_subsys_main/u_e203_subsys_hclkgen/u_e203_subsys_gfcm/u_clk0_clkgate/clk0_sync_r_reg[1]_3  |
| src9      | g9        | LUT5/O              | None       | SLICE_X83Y146   | X0Y2         |           1 |               0 |              62.500 | clk_out2_mmcm | dut/u_e203_subsys_top/u_e203_subsys_main/u_e203_subsys_hclkgen/u_e203_subsys_gfcm/u_clk0_clkgate/qout_r[0]_i_5__37/O  | dut/u_e203_subsys_top/u_e203_subsys_main/u_e203_subsys_hclkgen/u_e203_subsys_gfcm/u_clk0_clkgate/clk0_sync_r_reg[1]_7  |
| src10     | g10       | LUT5/O              | None       | SLICE_X83Y146   | X0Y2         |           1 |               0 |              62.500 | clk_out2_mmcm | dut/u_e203_subsys_top/u_e203_subsys_main/u_e203_subsys_hclkgen/u_e203_subsys_gfcm/u_clk0_clkgate/qout_r[0]_i_7__33/O  | dut/u_e203_subsys_top/u_e203_subsys_main/u_e203_subsys_hclkgen/u_e203_subsys_gfcm/u_clk0_clkgate/clk0_sync_r_reg[1]_6  |
| src11     | g11       | MMCME2_ADV/CLKOUT1  | None       | MMCME2_ADV_X0Y2 | X0Y2         |           1 |               0 |              62.500 | clk_out2_mmcm | ip_mmcm/inst/mmcm_adv_inst/CLKOUT1                                                                                    | ip_mmcm/inst/clk_out2_mmcm                                                                                             |
| src11     | g12       | MMCME2_ADV/CLKFBOUT | None       | MMCME2_ADV_X0Y2 | X0Y2         |           1 |               0 |              10.000 | clkfbout_mmcm | ip_mmcm/inst/mmcm_adv_inst/CLKFBOUT                                                                                   | ip_mmcm/inst/clkfbout_mmcm                                                                                             |
+-----------+-----------+---------------------+------------+-----------------+--------------+-------------+-----------------+---------------------+---------------+-----------------------------------------------------------------------------------------------------------------------+------------------------------------------------------------------------------------------------------------------------+
* Clock Loads column represents the clock pin loads (pin count)
** Non-Clock Loads column represents the non-clock pin loads (pin count)


4. Clock Regions: Key Resource Utilization
------------------------------------------

+-------------------+--------------+--------------+--------------+--------------+--------------+--------------+--------------+--------------+--------------+--------------+--------------+--------------+--------------+--------------+--------------+
|                   | Global Clock |     BUFRs    |    BUFMRs    |    BUFIOs    |     MMCM     |      PLL     |      GT      |      PCI     |    ILOGIC    |    OLOGIC    |      FF      |     LUTM     |    RAMB18    |    RAMB36    |    DSP48E2   |
+-------------------+------+-------+------+-------+------+-------+------+-------+------+-------+------+-------+------+-------+------+-------+------+-------+------+-------+------+-------+------+-------+------+-------+------+-------+------+-------+
| Clock Region Name | Used | Avail | Used | Avail | Used | Avail | Used | Avail | Used | Avail | Used | Avail | Used | Avail | Used | Avail | Used | Avail | Used | Avail | Used | Avail | Used | Avail | Used | Avail | Used | Avail | Used | Avail |
+-------------------+------+-------+------+-------+------+-------+------+-------+------+-------+------+-------+------+-------+------+-------+------+-------+------+-------+------+-------+------+-------+------+-------+------+-------+------+-------+
| X0Y0              |    0 |    12 |    0 |     4 |    0 |     2 |    0 |     4 |    0 |     1 |    0 |     1 |    0 |     4 |    0 |     0 |    0 |    50 |    0 |    50 |    0 |  2700 |    0 |   800 |    0 |    60 |    0 |    30 |    0 |    60 |
| X1Y0              |    0 |    12 |    0 |     4 |    0 |     2 |    0 |     4 |    0 |     1 |    0 |     1 |    0 |     4 |    0 |     0 |    0 |    50 |    0 |    50 |    0 |  2500 |    0 |   800 |    0 |    40 |    0 |    20 |    0 |    40 |
| X0Y1              |    7 |    12 |    0 |     4 |    0 |     2 |    0 |     4 |    0 |     1 |    0 |     1 |    0 |     0 |    0 |     0 |    0 |    50 |    0 |    50 | 2260 |  4200 |  689 |  1400 |    0 |   100 |    0 |    50 |    0 |   100 |
| X1Y1              |    1 |    12 |    0 |     4 |    0 |     2 |    0 |     4 |    0 |     1 |    0 |     1 |    0 |     0 |    0 |     0 |    0 |    50 |    0 |    50 |  284 |  4000 |  114 |  1400 |    0 |    80 |    0 |    40 |    0 |    80 |
| X0Y2              |   10 |    12 |    0 |     4 |    0 |     2 |    0 |     4 |    1 |     1 |    0 |     1 |    0 |     0 |    0 |     0 |    0 |    50 |    0 |    50 | 5804 |  3600 | 2201 |  1400 |    0 |   100 |    0 |    50 |    0 |   100 |
| X1Y2              |    7 |    12 |    0 |     4 |    0 |     2 |    0 |     4 |    0 |     1 |    0 |     1 |    0 |     0 |    0 |     0 |    0 |    50 |    0 |    50 |  805 |  4000 |  348 |  1400 |    0 |    80 |    0 |    40 |    0 |    80 |
| X0Y3              |    6 |    12 |    0 |     4 |    0 |     2 |    0 |     4 |    0 |     1 |    0 |     1 |    0 |     0 |    0 |     0 |    0 |    50 |    0 |    50 | 1714 |  3600 |  694 |  1400 |    0 |   100 |    0 |    50 |    0 |   100 |
| X1Y3              |    3 |    12 |    0 |     4 |    0 |     2 |    0 |     4 |    0 |     1 |    0 |     1 |    0 |     0 |    0 |     0 |    0 |    50 |    0 |    50 |  250 |  4000 |   73 |  1400 |    0 |    80 |    0 |    40 |    0 |    80 |
| X0Y4              |    0 |    12 |    0 |     4 |    0 |     2 |    0 |     4 |    0 |     1 |    0 |     1 |    0 |     4 |    0 |     1 |    0 |    50 |    0 |    50 |    0 |  2550 |    0 |   750 |    0 |    50 |    0 |    25 |    0 |    60 |
| X1Y4              |    0 |    12 |    0 |     4 |    0 |     2 |    0 |     4 |    0 |     1 |    0 |     1 |    0 |     4 |    0 |     0 |    0 |    50 |    0 |    50 |    0 |  2500 |    0 |   800 |    0 |    40 |    0 |    20 |    0 |    40 |
+-------------------+------+-------+------+-------+------+-------+------+-------+------+-------+------+-------+------+-------+------+-------+------+-------+------+-------+------+-------+------+-------+------+-------+------+-------+------+-------+
* Global Clock column represents track count; while other columns represents cell counts


5. Clock Regions : Global Clock Summary
---------------------------------------

All Modules
+----+----+----+
|    | X0 | X1 |
+----+----+----+
| Y4 |  0 |  0 |
| Y3 |  6 |  3 |
| Y2 | 10 |  7 |
| Y1 |  7 |  1 |
| Y0 |  0 |  0 |
+----+----+----+


6. Device Cell Placement Summary for Global Clock g0
----------------------------------------------------

+-----------+-----------------+-------------------+---------------+-------------+----------------+-------------+----------+----------------+----------+-------------------------+
| Global Id | Driver Type/Pin | Driver Region (D) | Clock         | Period (ns) | Waveform (ns)  | Slice Loads | IO Loads | Clocking Loads | GT Loads | Net                     |
+-----------+-----------------+-------------------+---------------+-------------+----------------+-------------+----------+----------------+----------+-------------------------+
| g0        | BUFG/O          | n/a               | clk_out2_mmcm |      62.500 | {0.000 31.250} |        7405 |        0 |              0 |        0 | u_e203_subsys_top/hfclk |
+-----------+-----------------+-------------------+---------------+-------------+----------------+-------------+----------+----------------+----------+-------------------------+
* Logic Loads column represents load cell count of all cell types other than IO, GT and clock resources
** IO Loads column represents load cell count of IO types
*** Clocking Loads column represents load cell count that are clock resources (global clock buffer, MMCM, PLL, etc)
**** GT Loads column represents load cell count of GT types


+----+-------+------+
|    | X0    | X1   |
+----+-------+------+
| Y4 |     0 |    0 |
| Y3 |  1347 |  233 |
| Y2 |  4500 |  682 |
| Y1 |   643 |    0 |
| Y0 |     0 |    0 |
+----+-------+------+


7. Device Cell Placement Summary for Global Clock g1
----------------------------------------------------

+-----------+-----------------+-------------------+---------------+-------------+----------------+-------------+----------+----------------+----------+--------------------------------+
| Global Id | Driver Type/Pin | Driver Region (D) | Clock         | Period (ns) | Waveform (ns)  | Slice Loads | IO Loads | Clocking Loads | GT Loads | Net                            |
+-----------+-----------------+-------------------+---------------+-------------+----------------+-------------+----------+----------------+----------+--------------------------------+
| g1        | BUFG/O          | n/a               | clk_out2_mmcm |      62.500 | {0.000 31.250} |        1454 |        0 |              0 |        0 | u_e203_subsys_top/core_csr_clk |
+-----------+-----------------+-------------------+---------------+-------------+----------------+-------------+----------+----------------+----------+--------------------------------+
* Logic Loads column represents load cell count of all cell types other than IO, GT and clock resources
** IO Loads column represents load cell count of IO types
*** Clocking Loads column represents load cell count that are clock resources (global clock buffer, MMCM, PLL, etc)
**** GT Loads column represents load cell count of GT types


+----+-------+------+
|    | X0    | X1   |
+----+-------+------+
| Y4 |     0 |    0 |
| Y3 |     0 |    0 |
| Y2 |     0 |    5 |
| Y1 |  1165 |  284 |
| Y0 |     0 |    0 |
+----+-------+------+


8. Device Cell Placement Summary for Global Clock g2
----------------------------------------------------

+-----------+-----------------+-------------------+-------------+-------------+-------------------+-------------+----------+----------------+----------+-----------------------+
| Global Id | Driver Type/Pin | Driver Region (D) | Clock       | Period (ns) | Waveform (ns)     | Slice Loads | IO Loads | Clocking Loads | GT Loads | Net                   |
+-----------+-----------------+-------------------+-------------+-------------+-------------------+-------------+----------+----------------+----------+-----------------------+
| g2        | BUFG/O          | n/a               | sys_clk_pin |   30517.582 | {0.000 15258.791} |         995 |        0 |              0 |        0 | CLK32768KHZ_IBUF_BUFG |
+-----------+-----------------+-------------------+-------------+-------------+-------------------+-------------+----------+----------------+----------+-----------------------+
* Logic Loads column represents load cell count of all cell types other than IO, GT and clock resources
** IO Loads column represents load cell count of IO types
*** Clocking Loads column represents load cell count that are clock resources (global clock buffer, MMCM, PLL, etc)
**** GT Loads column represents load cell count of GT types


+----+------+----+
|    | X0   | X1 |
+----+------+----+
| Y4 |    0 |  0 |
| Y3 |  196 |  0 |
| Y2 |  799 |  0 |
| Y1 |    0 |  0 |
| Y0 |    0 |  0 |
+----+------+----+


9. Device Cell Placement Summary for Global Clock g3
----------------------------------------------------

+-----------+-----------------+-------------------+-------+-------------+---------------+-------------+----------+----------------+----------+----------------------------------+
| Global Id | Driver Type/Pin | Driver Region (D) | Clock | Period (ns) | Waveform (ns) | Slice Loads | IO Loads | Clocking Loads | GT Loads | Net                              |
+-----------+-----------------+-------------------+-------+-------------+---------------+-------------+----------+----------------+----------+----------------------------------+
| g3        | BUFG/O          | n/a               |       |             |               |         197 |        0 |              0 |        0 | dut_io_pads_jtag_TCK_i_ival_BUFG |
+-----------+-----------------+-------------------+-------+-------------+---------------+-------------+----------+----------------+----------+----------------------------------+
* Logic Loads column represents load cell count of all cell types other than IO, GT and clock resources
** IO Loads column represents load cell count of IO types
*** Clocking Loads column represents load cell count that are clock resources (global clock buffer, MMCM, PLL, etc)
**** GT Loads column represents load cell count of GT types


+----+------+----+
|    | X0   | X1 |
+----+------+----+
| Y4 |    0 |  0 |
| Y3 |    0 |  0 |
| Y2 |   92 |  0 |
| Y1 |  105 |  0 |
| Y0 |    0 |  0 |
+----+------+----+


10. Device Cell Placement Summary for Global Clock g4
-----------------------------------------------------

+-----------+-----------------+-------------------+---------------+-------------+----------------+-------------+----------+----------------+----------+-----------------------------------------------------------------------------+
| Global Id | Driver Type/Pin | Driver Region (D) | Clock         | Period (ns) | Waveform (ns)  | Slice Loads | IO Loads | Clocking Loads | GT Loads | Net                                                                         |
+-----------+-----------------+-------------------+---------------+-------------+----------------+-------------+----------+----------------+----------+-----------------------------------------------------------------------------+
| g4        | BUFG/O          | n/a               | clk_out2_mmcm |      62.500 | {0.000 31.250} |         183 |        0 |              0 |        0 | u_e203_subsys_top/u_e203_subsys_main/u_e203_cpu_top/u_e203_cpu/clk_core_ifu |
+-----------+-----------------+-------------------+---------------+-------------+----------------+-------------+----------+----------------+----------+-----------------------------------------------------------------------------+
* Logic Loads column represents load cell count of all cell types other than IO, GT and clock resources
** IO Loads column represents load cell count of IO types
*** Clocking Loads column represents load cell count that are clock resources (global clock buffer, MMCM, PLL, etc)
**** GT Loads column represents load cell count of GT types


+----+------+----+
|    | X0   | X1 |
+----+------+----+
| Y4 |    0 |  0 |
| Y3 |    0 |  0 |
| Y2 |    0 |  0 |
| Y1 |  183 |  0 |
| Y0 |    0 |  0 |
+----+------+----+


11. Device Cell Placement Summary for Global Clock g5
-----------------------------------------------------

+-----------+-----------------+-------------------+---------------+-------------+----------------+-------------+----------+----------------+----------+-----------------------------------------------------------------------------------------+
| Global Id | Driver Type/Pin | Driver Region (D) | Clock         | Period (ns) | Waveform (ns)  | Slice Loads | IO Loads | Clocking Loads | GT Loads | Net                                                                                     |
+-----------+-----------------+-------------------+---------------+-------------+----------------+-------------+----------+----------------+----------+-----------------------------------------------------------------------------------------+
| g5        | BUFG/O          | n/a               | clk_out2_mmcm |      62.500 | {0.000 31.250} |         171 |        0 |              0 |        0 | u_e203_subsys_top/u_e203_subsys_main/u_e203_subsys_perips/u_perips_apb_pwm/s_clk_timer0 |
+-----------+-----------------+-------------------+---------------+-------------+----------------+-------------+----------+----------------+----------+-----------------------------------------------------------------------------------------+
* Logic Loads column represents load cell count of all cell types other than IO, GT and clock resources
** IO Loads column represents load cell count of IO types
*** Clocking Loads column represents load cell count that are clock resources (global clock buffer, MMCM, PLL, etc)
**** GT Loads column represents load cell count of GT types


+----+-----+-----+
|    | X0  | X1  |
+----+-----+-----+
| Y4 |   0 |   0 |
| Y3 |  55 |   8 |
| Y2 |  86 |  22 |
| Y1 |   0 |   0 |
| Y0 |   0 |   0 |
+----+-----+-----+


12. Device Cell Placement Summary for Global Clock g6
-----------------------------------------------------

+-----------+-----------------+-------------------+---------------+-------------+----------------+-------------+----------+----------------+----------+-----------------------------------------------------------------------------------------+
| Global Id | Driver Type/Pin | Driver Region (D) | Clock         | Period (ns) | Waveform (ns)  | Slice Loads | IO Loads | Clocking Loads | GT Loads | Net                                                                                     |
+-----------+-----------------+-------------------+---------------+-------------+----------------+-------------+----------+----------------+----------+-----------------------------------------------------------------------------------------+
| g6        | BUFG/O          | n/a               | clk_out2_mmcm |      62.500 | {0.000 31.250} |         171 |        0 |              0 |        0 | u_e203_subsys_top/u_e203_subsys_main/u_e203_subsys_perips/u_perips_apb_pwm/s_clk_timer1 |
+-----------+-----------------+-------------------+---------------+-------------+----------------+-------------+----------+----------------+----------+-----------------------------------------------------------------------------------------+
* Logic Loads column represents load cell count of all cell types other than IO, GT and clock resources
** IO Loads column represents load cell count of IO types
*** Clocking Loads column represents load cell count that are clock resources (global clock buffer, MMCM, PLL, etc)
**** GT Loads column represents load cell count of GT types


+----+-----+-----+
|    | X0  | X1  |
+----+-----+-----+
| Y4 |   0 |   0 |
| Y3 |  32 |   9 |
| Y2 |  91 |  39 |
| Y1 |   0 |   0 |
| Y0 |   0 |   0 |
+----+-----+-----+


13. Device Cell Placement Summary for Global Clock g7
-----------------------------------------------------

+-----------+-----------------+-------------------+---------------+-------------+----------------+-------------+----------+----------------+----------+-----------------------------------------------------------------------------------------+
| Global Id | Driver Type/Pin | Driver Region (D) | Clock         | Period (ns) | Waveform (ns)  | Slice Loads | IO Loads | Clocking Loads | GT Loads | Net                                                                                     |
+-----------+-----------------+-------------------+---------------+-------------+----------------+-------------+----------+----------------+----------+-----------------------------------------------------------------------------------------+
| g7        | BUFG/O          | n/a               | clk_out2_mmcm |      62.500 | {0.000 31.250} |         171 |        0 |              0 |        0 | u_e203_subsys_top/u_e203_subsys_main/u_e203_subsys_perips/u_perips_apb_pwm/s_clk_timer2 |
+-----------+-----------------+-------------------+---------------+-------------+----------------+-------------+----------+----------------+----------+-----------------------------------------------------------------------------------------+
* Logic Loads column represents load cell count of all cell types other than IO, GT and clock resources
** IO Loads column represents load cell count of IO types
*** Clocking Loads column represents load cell count that are clock resources (global clock buffer, MMCM, PLL, etc)
**** GT Loads column represents load cell count of GT types


+----+------+-----+
|    | X0   | X1  |
+----+------+-----+
| Y4 |    0 |   0 |
| Y3 |   37 |   0 |
| Y2 |  106 |  28 |
| Y1 |    0 |   0 |
| Y0 |    0 |   0 |
+----+------+-----+


14. Device Cell Placement Summary for Global Clock g8
-----------------------------------------------------

+-----------+-----------------+-------------------+---------------+-------------+----------------+-------------+----------+----------------+----------+-----------------------------------------------------------------------------------------+
| Global Id | Driver Type/Pin | Driver Region (D) | Clock         | Period (ns) | Waveform (ns)  | Slice Loads | IO Loads | Clocking Loads | GT Loads | Net                                                                                     |
+-----------+-----------------+-------------------+---------------+-------------+----------------+-------------+----------+----------------+----------+-----------------------------------------------------------------------------------------+
| g8        | BUFG/O          | n/a               | clk_out2_mmcm |      62.500 | {0.000 31.250} |         171 |        0 |              0 |        0 | u_e203_subsys_top/u_e203_subsys_main/u_e203_subsys_perips/u_perips_apb_pwm/s_clk_timer3 |
+-----------+-----------------+-------------------+---------------+-------------+----------------+-------------+----------+----------------+----------+-----------------------------------------------------------------------------------------+
* Logic Loads column represents load cell count of all cell types other than IO, GT and clock resources
** IO Loads column represents load cell count of IO types
*** Clocking Loads column represents load cell count that are clock resources (global clock buffer, MMCM, PLL, etc)
**** GT Loads column represents load cell count of GT types


+----+-----+-----+
|    | X0  | X1  |
+----+-----+-----+
| Y4 |   0 |   0 |
| Y3 |  51 |   0 |
| Y2 |  91 |  29 |
| Y1 |   0 |   0 |
| Y0 |   0 |   0 |
+----+-----+-----+


15. Device Cell Placement Summary for Global Clock g9
-----------------------------------------------------

+-----------+-----------------+-------------------+---------------+-------------+----------------+-------------+----------+----------------+----------+-----------------------------------------------------------------------------+
| Global Id | Driver Type/Pin | Driver Region (D) | Clock         | Period (ns) | Waveform (ns)  | Slice Loads | IO Loads | Clocking Loads | GT Loads | Net                                                                         |
+-----------+-----------------+-------------------+---------------+-------------+----------------+-------------+----------+----------------+----------+-----------------------------------------------------------------------------+
| g9        | BUFG/O          | n/a               | clk_out2_mmcm |      62.500 | {0.000 31.250} |         112 |        0 |              0 |        0 | u_e203_subsys_top/u_e203_subsys_main/u_e203_cpu_top/u_e203_cpu/clk_core_biu |
+-----------+-----------------+-------------------+---------------+-------------+----------------+-------------+----------+----------------+----------+-----------------------------------------------------------------------------+
* Logic Loads column represents load cell count of all cell types other than IO, GT and clock resources
** IO Loads column represents load cell count of IO types
*** Clocking Loads column represents load cell count that are clock resources (global clock buffer, MMCM, PLL, etc)
**** GT Loads column represents load cell count of GT types


+----+-----+----+
|    | X0  | X1 |
+----+-----+----+
| Y4 |   0 |  0 |
| Y3 |   0 |  0 |
| Y2 |  27 |  0 |
| Y1 |  85 |  0 |
| Y0 |   0 |  0 |
+----+-----+----+


16. Device Cell Placement Summary for Global Clock g10
------------------------------------------------------

+-----------+-----------------+-------------------+---------------+-------------+----------------+-------------+----------+----------------+----------+-----------------------------------------------------------------------------+
| Global Id | Driver Type/Pin | Driver Region (D) | Clock         | Period (ns) | Waveform (ns)  | Slice Loads | IO Loads | Clocking Loads | GT Loads | Net                                                                         |
+-----------+-----------------+-------------------+---------------+-------------+----------------+-------------+----------+----------------+----------+-----------------------------------------------------------------------------+
| g10       | BUFG/O          | n/a               | clk_out2_mmcm |      62.500 | {0.000 31.250} |          79 |        0 |              0 |        0 | u_e203_subsys_top/u_e203_subsys_main/u_e203_cpu_top/u_e203_cpu/clk_core_lsu |
+-----------+-----------------+-------------------+---------------+-------------+----------------+-------------+----------+----------------+----------+-----------------------------------------------------------------------------+
* Logic Loads column represents load cell count of all cell types other than IO, GT and clock resources
** IO Loads column represents load cell count of IO types
*** Clocking Loads column represents load cell count that are clock resources (global clock buffer, MMCM, PLL, etc)
**** GT Loads column represents load cell count of GT types


+----+-----+----+
|    | X0  | X1 |
+----+-----+----+
| Y4 |   0 |  0 |
| Y3 |   0 |  0 |
| Y2 |   0 |  0 |
| Y1 |  79 |  0 |
| Y0 |   0 |  0 |
+----+-----+----+


17. Device Cell Placement Summary for Global Clock g11
------------------------------------------------------

+-----------+-----------------+-------------------+---------------+-------------+----------------+-------------+----------+----------------+----------+-----------------------+
| Global Id | Driver Type/Pin | Driver Region (D) | Clock         | Period (ns) | Waveform (ns)  | Slice Loads | IO Loads | Clocking Loads | GT Loads | Net                   |
+-----------+-----------------+-------------------+---------------+-------------+----------------+-------------+----------+----------------+----------+-----------------------+
| g11       | BUFG/O          | n/a               | clk_out2_mmcm |      62.500 | {0.000 31.250} |          33 |        0 |              0 |        0 | ip_mmcm/inst/clk_out2 |
+-----------+-----------------+-------------------+---------------+-------------+----------------+-------------+----------+----------------+----------+-----------------------+
* Logic Loads column represents load cell count of all cell types other than IO, GT and clock resources
** IO Loads column represents load cell count of IO types
*** Clocking Loads column represents load cell count that are clock resources (global clock buffer, MMCM, PLL, etc)
**** GT Loads column represents load cell count of GT types


+----+-----+----+
|    | X0  | X1 |
+----+-----+----+
| Y4 |   0 |  0 |
| Y3 |   0 |  0 |
| Y2 |  18 |  9 |
| Y1 |   6 |  0 |
| Y0 |   0 |  0 |
+----+-----+----+


18. Device Cell Placement Summary for Global Clock g12
------------------------------------------------------

+-----------+-----------------+-------------------+---------------+-------------+---------------+-------------+----------+----------------+----------+--------------------------------+
| Global Id | Driver Type/Pin | Driver Region (D) | Clock         | Period (ns) | Waveform (ns) | Slice Loads | IO Loads | Clocking Loads | GT Loads | Net                            |
+-----------+-----------------+-------------------+---------------+-------------+---------------+-------------+----------+----------------+----------+--------------------------------+
| g12       | BUFG/O          | n/a               | clkfbout_mmcm |      10.000 | {0.000 5.000} |           0 |        0 |              1 |        0 | ip_mmcm/inst/clkfbout_buf_mmcm |
+-----------+-----------------+-------------------+---------------+-------------+---------------+-------------+----------+----------------+----------+--------------------------------+
* Logic Loads column represents load cell count of all cell types other than IO, GT and clock resources
** IO Loads column represents load cell count of IO types
*** Clocking Loads column represents load cell count that are clock resources (global clock buffer, MMCM, PLL, etc)
**** GT Loads column represents load cell count of GT types


+----+----+----+
|    | X0 | X1 |
+----+----+----+
| Y4 |  0 |  0 |
| Y3 |  0 |  0 |
| Y2 |  1 |  0 |
| Y1 |  0 |  0 |
| Y0 |  0 |  0 |
+----+----+----+


19. Clock Region Cell Placement per Global Clock: Region X0Y1
-------------------------------------------------------------

+-----------+-------+-----------------+------------+-------------+-----------------+------+--------+------+-----+----+------+-----+---------+-----------------------------------------------------------------------------+
| Global Id | Track | Driver Type/Pin | Constraint | Clock Loads | Non-Clock Loads | FF   | LUTRAM | RAMB | DSP | GT | MMCM | PLL | Hard IP | Net                                                                         |
+-----------+-------+-----------------+------------+-------------+-----------------+------+--------+------+-----+----+------+-----+---------+-----------------------------------------------------------------------------+
| g0        | n/a   | BUFG/O          | None       |         643 |               0 |  643 |      0 |    0 |   0 |  0 |    0 |   0 |       0 | u_e203_subsys_top/hfclk                                                     |
| g1        | n/a   | BUFG/O          | None       |        1165 |               0 | 1165 |      0 |    0 |   0 |  0 |    0 |   0 |       0 | u_e203_subsys_top/core_csr_clk                                              |
| g3        | n/a   | BUFG/O          | None       |         105 |               0 |  105 |      0 |    0 |   0 |  0 |    0 |   0 |       0 | dut_io_pads_jtag_TCK_i_ival_BUFG                                            |
| g4        | n/a   | BUFG/O          | None       |         183 |               0 |  183 |      0 |    0 |   0 |  0 |    0 |   0 |       0 | u_e203_subsys_top/u_e203_subsys_main/u_e203_cpu_top/u_e203_cpu/clk_core_ifu |
| g9        | n/a   | BUFG/O          | None       |          85 |               0 |   85 |      0 |    0 |   0 |  0 |    0 |   0 |       0 | u_e203_subsys_top/u_e203_subsys_main/u_e203_cpu_top/u_e203_cpu/clk_core_biu |
| g10       | n/a   | BUFG/O          | None       |          79 |               0 |   79 |      0 |    0 |   0 |  0 |    0 |   0 |       0 | u_e203_subsys_top/u_e203_subsys_main/u_e203_cpu_top/u_e203_cpu/clk_core_lsu |
| g11       | n/a   | BUFG/O          | None       |           0 |               6 |    0 |      0 |    0 |   0 |  0 |    0 |   0 |       0 | ip_mmcm/inst/clk_out2                                                       |
+-----------+-------+-----------------+------------+-------------+-----------------+------+--------+------+-----+----+------+-----+---------+-----------------------------------------------------------------------------+
* Clock Loads column represents the clock pin loads (pin count)
** Non-Clock Loads column represents the non-clock pin loads (pin count)
*** Columns FF, LUTRAM, RAMB through 'Hard IP' represents load cell counts


20. Clock Region Cell Placement per Global Clock: Region X1Y1
-------------------------------------------------------------

+-----------+-------+-----------------+------------+-------------+-----------------+-----+--------+------+-----+----+------+-----+---------+--------------------------------+
| Global Id | Track | Driver Type/Pin | Constraint | Clock Loads | Non-Clock Loads | FF  | LUTRAM | RAMB | DSP | GT | MMCM | PLL | Hard IP | Net                            |
+-----------+-------+-----------------+------------+-------------+-----------------+-----+--------+------+-----+----+------+-----+---------+--------------------------------+
| g1        | n/a   | BUFG/O          | None       |         284 |               0 | 284 |      0 |    0 |   0 |  0 |    0 |   0 |       0 | u_e203_subsys_top/core_csr_clk |
+-----------+-------+-----------------+------------+-------------+-----------------+-----+--------+------+-----+----+------+-----+---------+--------------------------------+
* Clock Loads column represents the clock pin loads (pin count)
** Non-Clock Loads column represents the non-clock pin loads (pin count)
*** Columns FF, LUTRAM, RAMB through 'Hard IP' represents load cell counts


21. Clock Region Cell Placement per Global Clock: Region X0Y2
-------------------------------------------------------------

+-----------+-------+-----------------+------------+-------------+-----------------+------+--------+------+-----+----+------+-----+---------+-----------------------------------------------------------------------------------------+
| Global Id | Track | Driver Type/Pin | Constraint | Clock Loads | Non-Clock Loads | FF   | LUTRAM | RAMB | DSP | GT | MMCM | PLL | Hard IP | Net                                                                                     |
+-----------+-------+-----------------+------------+-------------+-----------------+------+--------+------+-----+----+------+-----+---------+-----------------------------------------------------------------------------------------+
| g0        | n/a   | BUFG/O          | None       |        4500 |               0 | 4500 |      0 |    0 |   0 |  0 |    0 |   0 |       0 | u_e203_subsys_top/hfclk                                                                 |
| g2        | n/a   | BUFG/O          | None       |         799 |               0 |  799 |      0 |    0 |   0 |  0 |    0 |   0 |       0 | CLK32768KHZ_IBUF_BUFG                                                                   |
| g3        | n/a   | BUFG/O          | None       |          92 |               0 |   92 |      0 |    0 |   0 |  0 |    0 |   0 |       0 | dut_io_pads_jtag_TCK_i_ival_BUFG                                                        |
| g5        | n/a   | BUFG/O          | None       |          86 |               0 |   86 |      0 |    0 |   0 |  0 |    0 |   0 |       0 | u_e203_subsys_top/u_e203_subsys_main/u_e203_subsys_perips/u_perips_apb_pwm/s_clk_timer0 |
| g6        | n/a   | BUFG/O          | None       |          91 |               0 |   91 |      0 |    0 |   0 |  0 |    0 |   0 |       0 | u_e203_subsys_top/u_e203_subsys_main/u_e203_subsys_perips/u_perips_apb_pwm/s_clk_timer1 |
| g7        | n/a   | BUFG/O          | None       |         106 |               0 |  106 |      0 |    0 |   0 |  0 |    0 |   0 |       0 | u_e203_subsys_top/u_e203_subsys_main/u_e203_subsys_perips/u_perips_apb_pwm/s_clk_timer2 |
| g8        | n/a   | BUFG/O          | None       |          91 |               0 |   91 |      0 |    0 |   0 |  0 |    0 |   0 |       0 | u_e203_subsys_top/u_e203_subsys_main/u_e203_subsys_perips/u_perips_apb_pwm/s_clk_timer3 |
| g9        | n/a   | BUFG/O          | None       |          27 |               0 |   27 |      0 |    0 |   0 |  0 |    0 |   0 |       0 | u_e203_subsys_top/u_e203_subsys_main/u_e203_cpu_top/u_e203_cpu/clk_core_biu             |
| g11       | n/a   | BUFG/O          | None       |          14 |               4 |   12 |      0 |    0 |   0 |  0 |    0 |   0 |       0 | ip_mmcm/inst/clk_out2                                                                   |
| g12       | n/a   | BUFG/O          | None       |           1 |               0 |    0 |      0 |    0 |   0 |  0 |    1 |   0 |       0 | ip_mmcm/inst/clkfbout_buf_mmcm                                                          |
+-----------+-------+-----------------+------------+-------------+-----------------+------+--------+------+-----+----+------+-----+---------+-----------------------------------------------------------------------------------------+
* Clock Loads column represents the clock pin loads (pin count)
** Non-Clock Loads column represents the non-clock pin loads (pin count)
*** Columns FF, LUTRAM, RAMB through 'Hard IP' represents load cell counts


22. Clock Region Cell Placement per Global Clock: Region X1Y2
-------------------------------------------------------------

+-----------+-------+-----------------+------------+-------------+-----------------+-----+--------+------+-----+----+------+-----+---------+-----------------------------------------------------------------------------------------+
| Global Id | Track | Driver Type/Pin | Constraint | Clock Loads | Non-Clock Loads | FF  | LUTRAM | RAMB | DSP | GT | MMCM | PLL | Hard IP | Net                                                                                     |
+-----------+-------+-----------------+------------+-------------+-----------------+-----+--------+------+-----+----+------+-----+---------+-----------------------------------------------------------------------------------------+
| g0        | n/a   | BUFG/O          | None       |         682 |               0 | 682 |      0 |    0 |   0 |  0 |    0 |   0 |       0 | u_e203_subsys_top/hfclk                                                                 |
| g1        | n/a   | BUFG/O          | None       |           5 |               0 |   5 |      0 |    0 |   0 |  0 |    0 |   0 |       0 | u_e203_subsys_top/core_csr_clk                                                          |
| g5        | n/a   | BUFG/O          | None       |          22 |               0 |  22 |      0 |    0 |   0 |  0 |    0 |   0 |       0 | u_e203_subsys_top/u_e203_subsys_main/u_e203_subsys_perips/u_perips_apb_pwm/s_clk_timer0 |
| g6        | n/a   | BUFG/O          | None       |          39 |               0 |  39 |      0 |    0 |   0 |  0 |    0 |   0 |       0 | u_e203_subsys_top/u_e203_subsys_main/u_e203_subsys_perips/u_perips_apb_pwm/s_clk_timer1 |
| g7        | n/a   | BUFG/O          | None       |          28 |               0 |  28 |      0 |    0 |   0 |  0 |    0 |   0 |       0 | u_e203_subsys_top/u_e203_subsys_main/u_e203_subsys_perips/u_perips_apb_pwm/s_clk_timer2 |
| g8        | n/a   | BUFG/O          | None       |          29 |               0 |  29 |      0 |    0 |   0 |  0 |    0 |   0 |       0 | u_e203_subsys_top/u_e203_subsys_main/u_e203_subsys_perips/u_perips_apb_pwm/s_clk_timer3 |
| g11       | n/a   | BUFG/O          | None       |           0 |               9 |   0 |      0 |    0 |   0 |  0 |    0 |   0 |       0 | ip_mmcm/inst/clk_out2                                                                   |
+-----------+-------+-----------------+------------+-------------+-----------------+-----+--------+------+-----+----+------+-----+---------+-----------------------------------------------------------------------------------------+
* Clock Loads column represents the clock pin loads (pin count)
** Non-Clock Loads column represents the non-clock pin loads (pin count)
*** Columns FF, LUTRAM, RAMB through 'Hard IP' represents load cell counts


23. Clock Region Cell Placement per Global Clock: Region X0Y3
-------------------------------------------------------------

+-----------+-------+-----------------+------------+-------------+-----------------+------+--------+------+-----+----+------+-----+---------+-----------------------------------------------------------------------------------------+
| Global Id | Track | Driver Type/Pin | Constraint | Clock Loads | Non-Clock Loads | FF   | LUTRAM | RAMB | DSP | GT | MMCM | PLL | Hard IP | Net                                                                                     |
+-----------+-------+-----------------+------------+-------------+-----------------+------+--------+------+-----+----+------+-----+---------+-----------------------------------------------------------------------------------------+
| g0        | n/a   | BUFG/O          | None       |        1347 |               0 | 1347 |      0 |    0 |   0 |  0 |    0 |   0 |       0 | u_e203_subsys_top/hfclk                                                                 |
| g2        | n/a   | BUFG/O          | None       |         192 |               4 |  196 |      0 |    0 |   0 |  0 |    0 |   0 |       0 | CLK32768KHZ_IBUF_BUFG                                                                   |
| g5        | n/a   | BUFG/O          | None       |          55 |               0 |   55 |      0 |    0 |   0 |  0 |    0 |   0 |       0 | u_e203_subsys_top/u_e203_subsys_main/u_e203_subsys_perips/u_perips_apb_pwm/s_clk_timer0 |
| g6        | n/a   | BUFG/O          | None       |          32 |               0 |   32 |      0 |    0 |   0 |  0 |    0 |   0 |       0 | u_e203_subsys_top/u_e203_subsys_main/u_e203_subsys_perips/u_perips_apb_pwm/s_clk_timer1 |
| g7        | n/a   | BUFG/O          | None       |          37 |               0 |   37 |      0 |    0 |   0 |  0 |    0 |   0 |       0 | u_e203_subsys_top/u_e203_subsys_main/u_e203_subsys_perips/u_perips_apb_pwm/s_clk_timer2 |
| g8        | n/a   | BUFG/O          | None       |          51 |               0 |   51 |      0 |    0 |   0 |  0 |    0 |   0 |       0 | u_e203_subsys_top/u_e203_subsys_main/u_e203_subsys_perips/u_perips_apb_pwm/s_clk_timer3 |
+-----------+-------+-----------------+------------+-------------+-----------------+------+--------+------+-----+----+------+-----+---------+-----------------------------------------------------------------------------------------+
* Clock Loads column represents the clock pin loads (pin count)
** Non-Clock Loads column represents the non-clock pin loads (pin count)
*** Columns FF, LUTRAM, RAMB through 'Hard IP' represents load cell counts


24. Clock Region Cell Placement per Global Clock: Region X1Y3
-------------------------------------------------------------

+-----------+-------+-----------------+------------+-------------+-----------------+-----+--------+------+-----+----+------+-----+---------+-----------------------------------------------------------------------------------------+
| Global Id | Track | Driver Type/Pin | Constraint | Clock Loads | Non-Clock Loads | FF  | LUTRAM | RAMB | DSP | GT | MMCM | PLL | Hard IP | Net                                                                                     |
+-----------+-------+-----------------+------------+-------------+-----------------+-----+--------+------+-----+----+------+-----+---------+-----------------------------------------------------------------------------------------+
| g0        | n/a   | BUFG/O          | None       |         233 |               0 | 233 |      0 |    0 |   0 |  0 |    0 |   0 |       0 | u_e203_subsys_top/hfclk                                                                 |
| g5        | n/a   | BUFG/O          | None       |           8 |               0 |   8 |      0 |    0 |   0 |  0 |    0 |   0 |       0 | u_e203_subsys_top/u_e203_subsys_main/u_e203_subsys_perips/u_perips_apb_pwm/s_clk_timer0 |
| g6        | n/a   | BUFG/O          | None       |           9 |               0 |   9 |      0 |    0 |   0 |  0 |    0 |   0 |       0 | u_e203_subsys_top/u_e203_subsys_main/u_e203_subsys_perips/u_perips_apb_pwm/s_clk_timer1 |
+-----------+-------+-----------------+------------+-------------+-----------------+-----+--------+------+-----+----+------+-----+---------+-----------------------------------------------------------------------------------------+
* Clock Loads column represents the clock pin loads (pin count)
** Non-Clock Loads column represents the non-clock pin loads (pin count)
*** Columns FF, LUTRAM, RAMB through 'Hard IP' represents load cell counts



# Location of BUFG Primitives 
set_property LOC BUFGCTRL_X0Y5 [get_cells r_active_reg_i_2]
set_property LOC BUFGCTRL_X0Y8 [get_cells r_active_reg_i_2__2]
set_property LOC BUFGCTRL_X0Y7 [get_cells r_active_reg_i_2__1]
set_property LOC BUFGCTRL_X0Y6 [get_cells r_active_reg_i_2__0]
set_property LOC BUFGCTRL_X0Y10 [get_cells qout_r_reg[0]_i_2__11]
set_property LOC BUFGCTRL_X0Y4 [get_cells qout_r_reg[31]_i_2__1]
set_property LOC BUFGCTRL_X0Y9 [get_cells qout_r_reg[0]_i_2__10]
set_property LOC BUFGCTRL_X0Y0 [get_cells qout_r_reg[0]_i_2__9]
set_property LOC BUFGCTRL_X0Y1 [get_cells qout_r_reg[31]_i_3]
set_property LOC BUFGCTRL_X0Y12 [get_cells ip_mmcm/inst/clkf_buf]
set_property LOC BUFGCTRL_X0Y11 [get_cells ip_mmcm/inst/clkout2_buf]
set_property LOC BUFGCTRL_X0Y3 [get_cells dut_io_pads_jtag_TCK_i_ival_BUFG_inst]
set_property LOC BUFGCTRL_X0Y2 [get_cells CLK32768KHZ_IBUF_BUFG_inst]

# Location of IO Primitives which is load of clock spine

# Location of clock ports
set_property LOC IOB_X0Y126 [get_ports CLK100MHZ]
set_property LOC IOB_X0Y124 [get_ports CLK32768KHZ]

# Clock net "u_e203_subsys_top/u_e203_subsys_main/u_e203_subsys_perips/u_perips_apb_pwm/s_clk_timer3" driven by instance "r_active_reg_i_2" located at site "BUFGCTRL_X0Y5"
#startgroup
create_pblock {CLKAG_u_e203_subsys_top/u_e203_subsys_main/u_e203_subsys_perips/u_perips_apb_pwm/s_clk_timer3}
add_cells_to_pblock [get_pblocks  {CLKAG_u_e203_subsys_top/u_e203_subsys_main/u_e203_subsys_perips/u_perips_apb_pwm/s_clk_timer3}] [get_cells -filter { PRIMITIVE_GROUP != I/O && IS_PRIMITIVE==1 && PRIMITIVE_LEVEL !=INTERNAL } -of_object [get_pins -filter {DIRECTION==IN} -of_objects [get_nets -hierarchical -filter {PARENT=="u_e203_subsys_top/u_e203_subsys_main/u_e203_subsys_perips/u_perips_apb_pwm/s_clk_timer3"}]]]
resize_pblock [get_pblocks {CLKAG_u_e203_subsys_top/u_e203_subsys_main/u_e203_subsys_perips/u_perips_apb_pwm/s_clk_timer3}] -add {CLOCKREGION_X0Y2:CLOCKREGION_X0Y2 CLOCKREGION_X0Y3:CLOCKREGION_X0Y3 CLOCKREGION_X1Y2:CLOCKREGION_X1Y2}
#endgroup

# Clock net "u_e203_subsys_top/u_e203_subsys_main/u_e203_subsys_perips/u_perips_apb_pwm/s_clk_timer2" driven by instance "r_active_reg_i_2__2" located at site "BUFGCTRL_X0Y8"
#startgroup
create_pblock {CLKAG_u_e203_subsys_top/u_e203_subsys_main/u_e203_subsys_perips/u_perips_apb_pwm/s_clk_timer2}
add_cells_to_pblock [get_pblocks  {CLKAG_u_e203_subsys_top/u_e203_subsys_main/u_e203_subsys_perips/u_perips_apb_pwm/s_clk_timer2}] [get_cells -filter { PRIMITIVE_GROUP != I/O && IS_PRIMITIVE==1 && PRIMITIVE_LEVEL !=INTERNAL } -of_object [get_pins -filter {DIRECTION==IN} -of_objects [get_nets -hierarchical -filter {PARENT=="u_e203_subsys_top/u_e203_subsys_main/u_e203_subsys_perips/u_perips_apb_pwm/s_clk_timer2"}]]]
resize_pblock [get_pblocks {CLKAG_u_e203_subsys_top/u_e203_subsys_main/u_e203_subsys_perips/u_perips_apb_pwm/s_clk_timer2}] -add {CLOCKREGION_X0Y2:CLOCKREGION_X0Y2 CLOCKREGION_X0Y3:CLOCKREGION_X0Y3 CLOCKREGION_X1Y2:CLOCKREGION_X1Y2}
#endgroup

# Clock net "u_e203_subsys_top/u_e203_subsys_main/u_e203_subsys_perips/u_perips_apb_pwm/s_clk_timer1" driven by instance "r_active_reg_i_2__1" located at site "BUFGCTRL_X0Y7"
#startgroup
create_pblock {CLKAG_u_e203_subsys_top/u_e203_subsys_main/u_e203_subsys_perips/u_perips_apb_pwm/s_clk_timer1}
add_cells_to_pblock [get_pblocks  {CLKAG_u_e203_subsys_top/u_e203_subsys_main/u_e203_subsys_perips/u_perips_apb_pwm/s_clk_timer1}] [get_cells -filter { PRIMITIVE_GROUP != I/O && IS_PRIMITIVE==1 && PRIMITIVE_LEVEL !=INTERNAL } -of_object [get_pins -filter {DIRECTION==IN} -of_objects [get_nets -hierarchical -filter {PARENT=="u_e203_subsys_top/u_e203_subsys_main/u_e203_subsys_perips/u_perips_apb_pwm/s_clk_timer1"}]]]
resize_pblock [get_pblocks {CLKAG_u_e203_subsys_top/u_e203_subsys_main/u_e203_subsys_perips/u_perips_apb_pwm/s_clk_timer1}] -add {CLOCKREGION_X0Y2:CLOCKREGION_X0Y2 CLOCKREGION_X0Y3:CLOCKREGION_X0Y3 CLOCKREGION_X1Y2:CLOCKREGION_X1Y2 CLOCKREGION_X1Y3:CLOCKREGION_X1Y3}
#endgroup

# Clock net "u_e203_subsys_top/u_e203_subsys_main/u_e203_subsys_perips/u_perips_apb_pwm/s_clk_timer0" driven by instance "r_active_reg_i_2__0" located at site "BUFGCTRL_X0Y6"
#startgroup
create_pblock {CLKAG_u_e203_subsys_top/u_e203_subsys_main/u_e203_subsys_perips/u_perips_apb_pwm/s_clk_timer0}
add_cells_to_pblock [get_pblocks  {CLKAG_u_e203_subsys_top/u_e203_subsys_main/u_e203_subsys_perips/u_perips_apb_pwm/s_clk_timer0}] [get_cells -filter { PRIMITIVE_GROUP != I/O && IS_PRIMITIVE==1 && PRIMITIVE_LEVEL !=INTERNAL } -of_object [get_pins -filter {DIRECTION==IN} -of_objects [get_nets -hierarchical -filter {PARENT=="u_e203_subsys_top/u_e203_subsys_main/u_e203_subsys_perips/u_perips_apb_pwm/s_clk_timer0"}]]]
resize_pblock [get_pblocks {CLKAG_u_e203_subsys_top/u_e203_subsys_main/u_e203_subsys_perips/u_perips_apb_pwm/s_clk_timer0}] -add {CLOCKREGION_X0Y2:CLOCKREGION_X0Y2 CLOCKREGION_X0Y3:CLOCKREGION_X0Y3 CLOCKREGION_X1Y2:CLOCKREGION_X1Y2 CLOCKREGION_X1Y3:CLOCKREGION_X1Y3}
#endgroup

# Clock net "u_e203_subsys_top/u_e203_subsys_main/u_e203_cpu_top/u_e203_cpu/clk_core_lsu" driven by instance "qout_r_reg[0]_i_2__11" located at site "BUFGCTRL_X0Y10"
#startgroup
create_pblock {CLKAG_u_e203_subsys_top/u_e203_subsys_main/u_e203_cpu_top/u_e203_cpu/clk_core_lsu}
add_cells_to_pblock [get_pblocks  {CLKAG_u_e203_subsys_top/u_e203_subsys_main/u_e203_cpu_top/u_e203_cpu/clk_core_lsu}] [get_cells -filter { PRIMITIVE_GROUP != I/O && IS_PRIMITIVE==1 && PRIMITIVE_LEVEL !=INTERNAL } -of_object [get_pins -filter {DIRECTION==IN} -of_objects [get_nets -hierarchical -filter {PARENT=="u_e203_subsys_top/u_e203_subsys_main/u_e203_cpu_top/u_e203_cpu/clk_core_lsu"}]]]
resize_pblock [get_pblocks {CLKAG_u_e203_subsys_top/u_e203_subsys_main/u_e203_cpu_top/u_e203_cpu/clk_core_lsu}] -add {CLOCKREGION_X0Y1:CLOCKREGION_X0Y1}
#endgroup

# Clock net "u_e203_subsys_top/u_e203_subsys_main/u_e203_cpu_top/u_e203_cpu/clk_core_ifu" driven by instance "qout_r_reg[31]_i_2__1" located at site "BUFGCTRL_X0Y4"
#startgroup
create_pblock {CLKAG_u_e203_subsys_top/u_e203_subsys_main/u_e203_cpu_top/u_e203_cpu/clk_core_ifu}
add_cells_to_pblock [get_pblocks  {CLKAG_u_e203_subsys_top/u_e203_subsys_main/u_e203_cpu_top/u_e203_cpu/clk_core_ifu}] [get_cells -filter { PRIMITIVE_GROUP != I/O && IS_PRIMITIVE==1 && PRIMITIVE_LEVEL !=INTERNAL } -of_object [get_pins -filter {DIRECTION==IN} -of_objects [get_nets -hierarchical -filter {PARENT=="u_e203_subsys_top/u_e203_subsys_main/u_e203_cpu_top/u_e203_cpu/clk_core_ifu"}]]]
resize_pblock [get_pblocks {CLKAG_u_e203_subsys_top/u_e203_subsys_main/u_e203_cpu_top/u_e203_cpu/clk_core_ifu}] -add {CLOCKREGION_X0Y1:CLOCKREGION_X0Y1}
#endgroup

# Clock net "u_e203_subsys_top/u_e203_subsys_main/u_e203_cpu_top/u_e203_cpu/clk_core_biu" driven by instance "qout_r_reg[0]_i_2__10" located at site "BUFGCTRL_X0Y9"
#startgroup
create_pblock {CLKAG_u_e203_subsys_top/u_e203_subsys_main/u_e203_cpu_top/u_e203_cpu/clk_core_biu}
add_cells_to_pblock [get_pblocks  {CLKAG_u_e203_subsys_top/u_e203_subsys_main/u_e203_cpu_top/u_e203_cpu/clk_core_biu}] [get_cells -filter { PRIMITIVE_GROUP != I/O && IS_PRIMITIVE==1 && PRIMITIVE_LEVEL !=INTERNAL } -of_object [get_pins -filter {DIRECTION==IN} -of_objects [get_nets -hierarchical -filter {PARENT=="u_e203_subsys_top/u_e203_subsys_main/u_e203_cpu_top/u_e203_cpu/clk_core_biu"}]]]
resize_pblock [get_pblocks {CLKAG_u_e203_subsys_top/u_e203_subsys_main/u_e203_cpu_top/u_e203_cpu/clk_core_biu}] -add {CLOCKREGION_X0Y1:CLOCKREGION_X0Y1 CLOCKREGION_X0Y2:CLOCKREGION_X0Y2}
#endgroup

# Clock net "u_e203_subsys_top/hfclk" driven by instance "qout_r_reg[0]_i_2__9" located at site "BUFGCTRL_X0Y0"
#startgroup
create_pblock {CLKAG_u_e203_subsys_top/hfclk}
add_cells_to_pblock [get_pblocks  {CLKAG_u_e203_subsys_top/hfclk}] [get_cells -filter { PRIMITIVE_GROUP != I/O && IS_PRIMITIVE==1 && PRIMITIVE_LEVEL !=INTERNAL } -of_object [get_pins -filter {DIRECTION==IN} -of_objects [get_nets -hierarchical -filter {PARENT=="u_e203_subsys_top/hfclk"}]]]
resize_pblock [get_pblocks {CLKAG_u_e203_subsys_top/hfclk}] -add {CLOCKREGION_X0Y1:CLOCKREGION_X0Y1 CLOCKREGION_X0Y2:CLOCKREGION_X0Y2 CLOCKREGION_X0Y3:CLOCKREGION_X0Y3 CLOCKREGION_X1Y2:CLOCKREGION_X1Y2 CLOCKREGION_X1Y3:CLOCKREGION_X1Y3}
#endgroup

# Clock net "u_e203_subsys_top/core_csr_clk" driven by instance "qout_r_reg[31]_i_3" located at site "BUFGCTRL_X0Y1"
#startgroup
create_pblock {CLKAG_u_e203_subsys_top/core_csr_clk}
add_cells_to_pblock [get_pblocks  {CLKAG_u_e203_subsys_top/core_csr_clk}] [get_cells -filter { PRIMITIVE_GROUP != I/O && IS_PRIMITIVE==1 && PRIMITIVE_LEVEL !=INTERNAL } -of_object [get_pins -filter {DIRECTION==IN} -of_objects [get_nets -hierarchical -filter {PARENT=="u_e203_subsys_top/core_csr_clk"}]]]
resize_pblock [get_pblocks {CLKAG_u_e203_subsys_top/core_csr_clk}] -add {CLOCKREGION_X0Y1:CLOCKREGION_X0Y1 CLOCKREGION_X1Y1:CLOCKREGION_X1Y1 CLOCKREGION_X1Y2:CLOCKREGION_X1Y2}
#endgroup

# Clock net "ip_mmcm/inst/clk_out2" driven by instance "ip_mmcm/inst/clkout2_buf" located at site "BUFGCTRL_X0Y11"
#startgroup
create_pblock {CLKAG_ip_mmcm/inst/clk_out2}
add_cells_to_pblock [get_pblocks  {CLKAG_ip_mmcm/inst/clk_out2}] [get_cells -filter { PRIMITIVE_GROUP != I/O && IS_PRIMITIVE==1 && PRIMITIVE_LEVEL !=INTERNAL } -of_object [get_pins -filter {DIRECTION==IN} -of_objects [get_nets -hierarchical -filter {PARENT=="ip_mmcm/inst/clk_out2"}]]]
resize_pblock [get_pblocks {CLKAG_ip_mmcm/inst/clk_out2}] -add {CLOCKREGION_X0Y1:CLOCKREGION_X0Y1 CLOCKREGION_X0Y2:CLOCKREGION_X0Y2 CLOCKREGION_X1Y2:CLOCKREGION_X1Y2}
#endgroup

# Clock net "dut_io_pads_jtag_TCK_i_ival_BUFG" driven by instance "dut_io_pads_jtag_TCK_i_ival_BUFG_inst" located at site "BUFGCTRL_X0Y3"
#startgroup
create_pblock {CLKAG_dut_io_pads_jtag_TCK_i_ival_BUFG}
add_cells_to_pblock [get_pblocks  {CLKAG_dut_io_pads_jtag_TCK_i_ival_BUFG}] [get_cells -filter { PRIMITIVE_GROUP != I/O && IS_PRIMITIVE==1 && PRIMITIVE_LEVEL !=INTERNAL } -of_object [get_pins -filter {DIRECTION==IN} -of_objects [get_nets -hierarchical -filter {PARENT=="dut_io_pads_jtag_TCK_i_ival_BUFG"}]]]
resize_pblock [get_pblocks {CLKAG_dut_io_pads_jtag_TCK_i_ival_BUFG}] -add {CLOCKREGION_X0Y1:CLOCKREGION_X0Y1 CLOCKREGION_X0Y2:CLOCKREGION_X0Y2}
#endgroup

# Clock net "CLK32768KHZ_IBUF_BUFG" driven by instance "CLK32768KHZ_IBUF_BUFG_inst" located at site "BUFGCTRL_X0Y2"
#startgroup
create_pblock {CLKAG_CLK32768KHZ_IBUF_BUFG}
add_cells_to_pblock [get_pblocks  {CLKAG_CLK32768KHZ_IBUF_BUFG}] [get_cells -filter { PRIMITIVE_GROUP != I/O && IS_PRIMITIVE==1 && PRIMITIVE_LEVEL !=INTERNAL } -of_object [get_pins -filter {DIRECTION==IN} -of_objects [get_nets -hierarchical -filter {PARENT=="CLK32768KHZ_IBUF_BUFG"}]]]
resize_pblock [get_pblocks {CLKAG_CLK32768KHZ_IBUF_BUFG}] -add {CLOCKREGION_X0Y2:CLOCKREGION_X0Y2 CLOCKREGION_X0Y3:CLOCKREGION_X0Y3}
#endgroup
