Copyright 1986-2018 Xilinx, Inc. All Rights Reserved.
------------------------------------------------------------------------------------------------------------
| Tool Version : Vivado v.2018.3 (win64) Build 2405991 Thu Dec  6 23:38:27 MST 2018
| Date         : Thu Dec 26 11:19:58 2024
| Host         : ZhouMiao running 64-bit major release  (build 9200)
| Command      : report_drc -file system_drc_routed.rpt -pb system_drc_routed.pb -rpx system_drc_routed.rpx
| Design       : system
| Device       : xc7a200tfbg484-2L
| Speed File   : -2L
| Design State : Fully Routed
------------------------------------------------------------------------------------------------------------

Report DRC

Table of Contents
-----------------
1. REPORT SUMMARY
2. REPORT DETAILS

1. REPORT SUMMARY
-----------------
            Netlist: netlist
          Floorplan: design_1
      Design limits: <entire design considered>
           Ruledeck: default
             Max violations: <unlimited>
             Violations found: 46
+-----------+----------+----------------------------+------------+
| Rule      | Severity | Description                | Violations |
+-----------+----------+----------------------------+------------+
| BUFC-1    | Warning  | Input Buffer Connections   | 2          |
| CHECK-3   | Warning  | Report rule limit reached  | 2          |
| PDRC-153  | Warning  | Gated clock check          | 1          |
| PLCK-12   | Warning  | Clock Placer Checks        | 1          |
| REQP-1839 | Warning  | RAMB36 async control check | 20         |
| REQP-1840 | Warning  | RAMB18 async control check | 20         |
+-----------+----------+----------------------------+------------+

2. REPORT DETAILS
-----------------
BUFC-1#1 Warning
Input Buffer Connections  
Input buffer IOBUF_dwakeup_n/IBUF (in IOBUF_dwakeup_n macro) has no loads. It is recommended to have an input buffer drive an internal load.
Related violations: <none>

BUFC-1#2 Warning
Input Buffer Connections  
Input buffer IOBUF_jtag_TDO/IBUF (in IOBUF_jtag_TDO macro) has no loads. It is recommended to have an input buffer drive an internal load.
Related violations: <none>

CHECK-3#1 Warning
Report rule limit reached  
REQP-1839 rule limit reached: 20 violations have been found.
Related violations: <none>

CHECK-3#2 Warning
Report rule limit reached  
REQP-1840 rule limit reached: 20 violations have been found.
Related violations: <none>

PDRC-153#1 Warning
Gated clock check  
Net dut/u_e203_subsys_top/u_e203_subsys_main/u_e203_subsys_perips/u_sirv_ppi_fab/u_sirv_gnrl_icb_buffer/u_sirv_gnrl_cmd_fifo/dp_gt0.fifo_rf[1].fifo_rf_dffl/regs_q_reg[31]_1[0] is a gated clock net sourced by a combinational pin dut/u_e203_subsys_top/u_e203_subsys_main/u_e203_subsys_perips/u_sirv_ppi_fab/u_sirv_gnrl_icb_buffer/u_sirv_gnrl_cmd_fifo/dp_gt0.fifo_rf[1].fifo_rf_dffl/fifo_tx_data_reg[7]_i_2/O, cell dut/u_e203_subsys_top/u_e203_subsys_main/u_e203_subsys_perips/u_sirv_ppi_fab/u_sirv_gnrl_icb_buffer/u_sirv_gnrl_cmd_fifo/dp_gt0.fifo_rf[1].fifo_rf_dffl/fifo_tx_data_reg[7]_i_2. This is not good design practice and will likely impact performance. For SLICE registers, for example, use the CE pin to control the loading of data.
Related violations: <none>

PLCK-12#1 Warning
Clock Placer Checks  
Poor placement for routing between an IO pin and BUFG. 
Resolution: Poor placement of an IO pin and a BUFG has resulted in the router using a non-dedicated path between the two.  There are several things that could trigger this DRC, each of which can cause unpredictable clock insertion delays that result in poor timing.  This DRC could be caused by any of the following: (a) a clock port was placed on a pin that is not a CCIO-pin (b)the BUFG has not been placed in the same half of the device or SLR as the CCIO-pin (c) a single ended clock has been placed on the N-Side of a differential pair CCIO-pin.
 This is normally an ERROR but the CLOCK_DEDICATED_ROUTE constraint is set to FALSE allowing your design to continue. The use of this override is highly discouraged as it may lead to very poor timing results. It is recommended that this error condition be corrected in the design.

	IOBUF_jtag_TCK/IBUF (in IOBUF_jtag_TCK macro) (IBUF.O) is locked to AB16
	dut_io_pads_jtag_TCK_i_ival_BUFG_inst (BUFG.I) is provisionally placed by clockplacer on BUFGCTRL_X0Y2

Related violations: <none>

REQP-1839#1 Warning
RAMB36 async control check  
The RAMB36E1 dut/u_e203_subsys_top/u_e203_subsys_main/u_e203_cpu_top/u_e203_srams/u_e203_dtcm_ram/u_e203_dtcm_gnrl_ram/u_sirv_sim_ram/mem[1].non_last.mem_r_reg_0_0 has an input control pin dut/u_e203_subsys_top/u_e203_subsys_main/u_e203_cpu_top/u_e203_srams/u_e203_dtcm_ram/u_e203_dtcm_gnrl_ram/u_sirv_sim_ram/mem[1].non_last.mem_r_reg_0_0/ADDRARDADDR[14] (net: dut/u_e203_subsys_top/u_e203_subsys_main/u_e203_cpu_top/u_e203_srams/u_e203_dtcm_ram/u_e203_dtcm_gnrl_ram/u_sirv_sim_ram/ADDRARDADDR[13]) which is driven by a register (dut/u_e203_subsys_top/u_e203_subsys_main/u_e203_cpu_top/u_e203_cpu/u_e203_core/u_e203_biu/u_biu_icb_arbt/arbt_num_gt_1_gen.dp_1.u_sirv_gnrl_rspid_fifo/dp_gt_0.vld_dfflr/qout_r_reg[0]) that has an active asychronous set or reset. This may cause corruption of the memory contents and/or read values when the set/reset is asserted and is not analyzed by the default static timing analysis. It is suggested to eliminate the use of a set/reset to registers driving this RAMB pin or else use a synchronous reset in which the assertion of the reset is timed by default.
Related violations: <none>

REQP-1839#2 Warning
RAMB36 async control check  
The RAMB36E1 dut/u_e203_subsys_top/u_e203_subsys_main/u_e203_cpu_top/u_e203_srams/u_e203_dtcm_ram/u_e203_dtcm_gnrl_ram/u_sirv_sim_ram/mem[1].non_last.mem_r_reg_0_0 has an input control pin dut/u_e203_subsys_top/u_e203_subsys_main/u_e203_cpu_top/u_e203_srams/u_e203_dtcm_ram/u_e203_dtcm_gnrl_ram/u_sirv_sim_ram/mem[1].non_last.mem_r_reg_0_0/ADDRARDADDR[14] (net: dut/u_e203_subsys_top/u_e203_subsys_main/u_e203_cpu_top/u_e203_srams/u_e203_dtcm_ram/u_e203_dtcm_gnrl_ram/u_sirv_sim_ram/ADDRARDADDR[13]) which is driven by a register (dut/u_e203_subsys_top/u_e203_subsys_main/u_e203_cpu_top/u_e203_cpu/u_e203_core/u_e203_biu/u_sirv_gnrl_icb_buffer/u_sirv_gnrl_cmd_fifo/dp_gt0.vec_31_dfflr/qout_r_reg[0]) that has an active asychronous set or reset. This may cause corruption of the memory contents and/or read values when the set/reset is asserted and is not analyzed by the default static timing analysis. It is suggested to eliminate the use of a set/reset to registers driving this RAMB pin or else use a synchronous reset in which the assertion of the reset is timed by default.
Related violations: <none>

REQP-1839#3 Warning
RAMB36 async control check  
The RAMB36E1 dut/u_e203_subsys_top/u_e203_subsys_main/u_e203_cpu_top/u_e203_srams/u_e203_dtcm_ram/u_e203_dtcm_gnrl_ram/u_sirv_sim_ram/mem[1].non_last.mem_r_reg_0_0 has an input control pin dut/u_e203_subsys_top/u_e203_subsys_main/u_e203_cpu_top/u_e203_srams/u_e203_dtcm_ram/u_e203_dtcm_gnrl_ram/u_sirv_sim_ram/mem[1].non_last.mem_r_reg_0_0/ADDRARDADDR[14] (net: dut/u_e203_subsys_top/u_e203_subsys_main/u_e203_cpu_top/u_e203_srams/u_e203_dtcm_ram/u_e203_dtcm_gnrl_ram/u_sirv_sim_ram/ADDRARDADDR[13]) which is driven by a register (dut/u_e203_subsys_top/u_e203_subsys_main/u_e203_cpu_top/u_e203_cpu/u_e203_core/u_e203_biu/u_sirv_gnrl_icb_buffer/u_sirv_gnrl_rsp_fifo/dp_gt0.vec_31_dfflr/qout_r_reg[0]) that has an active asychronous set or reset. This may cause corruption of the memory contents and/or read values when the set/reset is asserted and is not analyzed by the default static timing analysis. It is suggested to eliminate the use of a set/reset to registers driving this RAMB pin or else use a synchronous reset in which the assertion of the reset is timed by default.
Related violations: <none>

REQP-1839#4 Warning
RAMB36 async control check  
The RAMB36E1 dut/u_e203_subsys_top/u_e203_subsys_main/u_e203_cpu_top/u_e203_srams/u_e203_dtcm_ram/u_e203_dtcm_gnrl_ram/u_sirv_sim_ram/mem[1].non_last.mem_r_reg_0_0 has an input control pin dut/u_e203_subsys_top/u_e203_subsys_main/u_e203_cpu_top/u_e203_srams/u_e203_dtcm_ram/u_e203_dtcm_gnrl_ram/u_sirv_sim_ram/mem[1].non_last.mem_r_reg_0_0/ADDRARDADDR[14] (net: dut/u_e203_subsys_top/u_e203_subsys_main/u_e203_cpu_top/u_e203_srams/u_e203_dtcm_ram/u_e203_dtcm_gnrl_ram/u_sirv_sim_ram/ADDRARDADDR[13]) which is driven by a register (dut/u_e203_subsys_top/u_e203_subsys_main/u_e203_cpu_top/u_e203_cpu/u_e203_core/u_e203_exu/u_e203_exu_alu/u_e203_exu_alu_lsuagu/icb_leftover_err_dfflr/qout_r_reg[0]) that has an active asychronous set or reset. This may cause corruption of the memory contents and/or read values when the set/reset is asserted and is not analyzed by the default static timing analysis. It is suggested to eliminate the use of a set/reset to registers driving this RAMB pin or else use a synchronous reset in which the assertion of the reset is timed by default.
Related violations: <none>

REQP-1839#5 Warning
RAMB36 async control check  
The RAMB36E1 dut/u_e203_subsys_top/u_e203_subsys_main/u_e203_cpu_top/u_e203_srams/u_e203_dtcm_ram/u_e203_dtcm_gnrl_ram/u_sirv_sim_ram/mem[1].non_last.mem_r_reg_0_0 has an input control pin dut/u_e203_subsys_top/u_e203_subsys_main/u_e203_cpu_top/u_e203_srams/u_e203_dtcm_ram/u_e203_dtcm_gnrl_ram/u_sirv_sim_ram/mem[1].non_last.mem_r_reg_0_0/ADDRARDADDR[14] (net: dut/u_e203_subsys_top/u_e203_subsys_main/u_e203_cpu_top/u_e203_srams/u_e203_dtcm_ram/u_e203_dtcm_gnrl_ram/u_sirv_sim_ram/ADDRARDADDR[13]) which is driven by a register (dut/u_e203_subsys_top/u_e203_subsys_main/u_e203_cpu_top/u_e203_cpu/u_e203_core/u_e203_exu/u_e203_exu_alu/u_e203_exu_alu_lsuagu/icb_state_dfflr/qout_r_reg[0]) that has an active asychronous set or reset. This may cause corruption of the memory contents and/or read values when the set/reset is asserted and is not analyzed by the default static timing analysis. It is suggested to eliminate the use of a set/reset to registers driving this RAMB pin or else use a synchronous reset in which the assertion of the reset is timed by default.
Related violations: <none>

REQP-1839#6 Warning
RAMB36 async control check  
The RAMB36E1 dut/u_e203_subsys_top/u_e203_subsys_main/u_e203_cpu_top/u_e203_srams/u_e203_dtcm_ram/u_e203_dtcm_gnrl_ram/u_sirv_sim_ram/mem[1].non_last.mem_r_reg_0_0 has an input control pin dut/u_e203_subsys_top/u_e203_subsys_main/u_e203_cpu_top/u_e203_srams/u_e203_dtcm_ram/u_e203_dtcm_gnrl_ram/u_sirv_sim_ram/mem[1].non_last.mem_r_reg_0_0/ADDRARDADDR[14] (net: dut/u_e203_subsys_top/u_e203_subsys_main/u_e203_cpu_top/u_e203_srams/u_e203_dtcm_ram/u_e203_dtcm_gnrl_ram/u_sirv_sim_ram/ADDRARDADDR[13]) which is driven by a register (dut/u_e203_subsys_top/u_e203_subsys_main/u_e203_cpu_top/u_e203_cpu/u_e203_core/u_e203_exu/u_e203_exu_alu/u_e203_exu_alu_lsuagu/icb_state_dfflr/qout_r_reg[1]) that has an active asychronous set or reset. This may cause corruption of the memory contents and/or read values when the set/reset is asserted and is not analyzed by the default static timing analysis. It is suggested to eliminate the use of a set/reset to registers driving this RAMB pin or else use a synchronous reset in which the assertion of the reset is timed by default.
Related violations: <none>

REQP-1839#7 Warning
RAMB36 async control check  
The RAMB36E1 dut/u_e203_subsys_top/u_e203_subsys_main/u_e203_cpu_top/u_e203_srams/u_e203_dtcm_ram/u_e203_dtcm_gnrl_ram/u_sirv_sim_ram/mem[1].non_last.mem_r_reg_0_0 has an input control pin dut/u_e203_subsys_top/u_e203_subsys_main/u_e203_cpu_top/u_e203_srams/u_e203_dtcm_ram/u_e203_dtcm_gnrl_ram/u_sirv_sim_ram/mem[1].non_last.mem_r_reg_0_0/ADDRARDADDR[14] (net: dut/u_e203_subsys_top/u_e203_subsys_main/u_e203_cpu_top/u_e203_srams/u_e203_dtcm_ram/u_e203_dtcm_gnrl_ram/u_sirv_sim_ram/ADDRARDADDR[13]) which is driven by a register (dut/u_e203_subsys_top/u_e203_subsys_main/u_e203_cpu_top/u_e203_cpu/u_e203_core/u_e203_exu/u_e203_exu_alu/u_e203_exu_alu_lsuagu/icb_state_dfflr/qout_r_reg[2]) that has an active asychronous set or reset. This may cause corruption of the memory contents and/or read values when the set/reset is asserted and is not analyzed by the default static timing analysis. It is suggested to eliminate the use of a set/reset to registers driving this RAMB pin or else use a synchronous reset in which the assertion of the reset is timed by default.
Related violations: <none>

REQP-1839#8 Warning
RAMB36 async control check  
The RAMB36E1 dut/u_e203_subsys_top/u_e203_subsys_main/u_e203_cpu_top/u_e203_srams/u_e203_dtcm_ram/u_e203_dtcm_gnrl_ram/u_sirv_sim_ram/mem[1].non_last.mem_r_reg_0_0 has an input control pin dut/u_e203_subsys_top/u_e203_subsys_main/u_e203_cpu_top/u_e203_srams/u_e203_dtcm_ram/u_e203_dtcm_gnrl_ram/u_sirv_sim_ram/mem[1].non_last.mem_r_reg_0_0/ADDRARDADDR[14] (net: dut/u_e203_subsys_top/u_e203_subsys_main/u_e203_cpu_top/u_e203_srams/u_e203_dtcm_ram/u_e203_dtcm_gnrl_ram/u_sirv_sim_ram/ADDRARDADDR[13]) which is driven by a register (dut/u_e203_subsys_top/u_e203_subsys_main/u_e203_cpu_top/u_e203_cpu/u_e203_core/u_e203_exu/u_e203_exu_alu/u_e203_exu_alu_muldiv/exec_cnt_dfflr/qout_r_reg[0]) that has an active asychronous set or reset. This may cause corruption of the memory contents and/or read values when the set/reset is asserted and is not analyzed by the default static timing analysis. It is suggested to eliminate the use of a set/reset to registers driving this RAMB pin or else use a synchronous reset in which the assertion of the reset is timed by default.
Related violations: <none>

REQP-1839#9 Warning
RAMB36 async control check  
The RAMB36E1 dut/u_e203_subsys_top/u_e203_subsys_main/u_e203_cpu_top/u_e203_srams/u_e203_dtcm_ram/u_e203_dtcm_gnrl_ram/u_sirv_sim_ram/mem[1].non_last.mem_r_reg_0_0 has an input control pin dut/u_e203_subsys_top/u_e203_subsys_main/u_e203_cpu_top/u_e203_srams/u_e203_dtcm_ram/u_e203_dtcm_gnrl_ram/u_sirv_sim_ram/mem[1].non_last.mem_r_reg_0_0/ADDRARDADDR[14] (net: dut/u_e203_subsys_top/u_e203_subsys_main/u_e203_cpu_top/u_e203_srams/u_e203_dtcm_ram/u_e203_dtcm_gnrl_ram/u_sirv_sim_ram/ADDRARDADDR[13]) which is driven by a register (dut/u_e203_subsys_top/u_e203_subsys_main/u_e203_cpu_top/u_e203_cpu/u_e203_core/u_e203_exu/u_e203_exu_alu/u_e203_exu_alu_muldiv/exec_cnt_dfflr/qout_r_reg[1]) that has an active asychronous set or reset. This may cause corruption of the memory contents and/or read values when the set/reset is asserted and is not analyzed by the default static timing analysis. It is suggested to eliminate the use of a set/reset to registers driving this RAMB pin or else use a synchronous reset in which the assertion of the reset is timed by default.
Related violations: <none>

REQP-1839#10 Warning
RAMB36 async control check  
The RAMB36E1 dut/u_e203_subsys_top/u_e203_subsys_main/u_e203_cpu_top/u_e203_srams/u_e203_dtcm_ram/u_e203_dtcm_gnrl_ram/u_sirv_sim_ram/mem[1].non_last.mem_r_reg_0_0 has an input control pin dut/u_e203_subsys_top/u_e203_subsys_main/u_e203_cpu_top/u_e203_srams/u_e203_dtcm_ram/u_e203_dtcm_gnrl_ram/u_sirv_sim_ram/mem[1].non_last.mem_r_reg_0_0/ADDRARDADDR[14] (net: dut/u_e203_subsys_top/u_e203_subsys_main/u_e203_cpu_top/u_e203_srams/u_e203_dtcm_ram/u_e203_dtcm_gnrl_ram/u_sirv_sim_ram/ADDRARDADDR[13]) which is driven by a register (dut/u_e203_subsys_top/u_e203_subsys_main/u_e203_cpu_top/u_e203_cpu/u_e203_core/u_e203_exu/u_e203_exu_alu/u_e203_exu_alu_muldiv/exec_cnt_dfflr/qout_r_reg[2]) that has an active asychronous set or reset. This may cause corruption of the memory contents and/or read values when the set/reset is asserted and is not analyzed by the default static timing analysis. It is suggested to eliminate the use of a set/reset to registers driving this RAMB pin or else use a synchronous reset in which the assertion of the reset is timed by default.
Related violations: <none>

REQP-1839#11 Warning
RAMB36 async control check  
The RAMB36E1 dut/u_e203_subsys_top/u_e203_subsys_main/u_e203_cpu_top/u_e203_srams/u_e203_dtcm_ram/u_e203_dtcm_gnrl_ram/u_sirv_sim_ram/mem[1].non_last.mem_r_reg_0_0 has an input control pin dut/u_e203_subsys_top/u_e203_subsys_main/u_e203_cpu_top/u_e203_srams/u_e203_dtcm_ram/u_e203_dtcm_gnrl_ram/u_sirv_sim_ram/mem[1].non_last.mem_r_reg_0_0/ADDRARDADDR[14] (net: dut/u_e203_subsys_top/u_e203_subsys_main/u_e203_cpu_top/u_e203_srams/u_e203_dtcm_ram/u_e203_dtcm_gnrl_ram/u_sirv_sim_ram/ADDRARDADDR[13]) which is driven by a register (dut/u_e203_subsys_top/u_e203_subsys_main/u_e203_cpu_top/u_e203_cpu/u_e203_core/u_e203_exu/u_e203_exu_alu/u_e203_exu_alu_muldiv/exec_cnt_dfflr/qout_r_reg[3]) that has an active asychronous set or reset. This may cause corruption of the memory contents and/or read values when the set/reset is asserted and is not analyzed by the default static timing analysis. It is suggested to eliminate the use of a set/reset to registers driving this RAMB pin or else use a synchronous reset in which the assertion of the reset is timed by default.
Related violations: <none>

REQP-1839#12 Warning
RAMB36 async control check  
The RAMB36E1 dut/u_e203_subsys_top/u_e203_subsys_main/u_e203_cpu_top/u_e203_srams/u_e203_dtcm_ram/u_e203_dtcm_gnrl_ram/u_sirv_sim_ram/mem[1].non_last.mem_r_reg_0_0 has an input control pin dut/u_e203_subsys_top/u_e203_subsys_main/u_e203_cpu_top/u_e203_srams/u_e203_dtcm_ram/u_e203_dtcm_gnrl_ram/u_sirv_sim_ram/mem[1].non_last.mem_r_reg_0_0/ADDRARDADDR[14] (net: dut/u_e203_subsys_top/u_e203_subsys_main/u_e203_cpu_top/u_e203_srams/u_e203_dtcm_ram/u_e203_dtcm_gnrl_ram/u_sirv_sim_ram/ADDRARDADDR[13]) which is driven by a register (dut/u_e203_subsys_top/u_e203_subsys_main/u_e203_cpu_top/u_e203_cpu/u_e203_core/u_e203_exu/u_e203_exu_alu/u_e203_exu_alu_muldiv/exec_cnt_dfflr/qout_r_reg[4]) that has an active asychronous set or reset. This may cause corruption of the memory contents and/or read values when the set/reset is asserted and is not analyzed by the default static timing analysis. It is suggested to eliminate the use of a set/reset to registers driving this RAMB pin or else use a synchronous reset in which the assertion of the reset is timed by default.
Related violations: <none>

REQP-1839#13 Warning
RAMB36 async control check  
The RAMB36E1 dut/u_e203_subsys_top/u_e203_subsys_main/u_e203_cpu_top/u_e203_srams/u_e203_dtcm_ram/u_e203_dtcm_gnrl_ram/u_sirv_sim_ram/mem[1].non_last.mem_r_reg_0_0 has an input control pin dut/u_e203_subsys_top/u_e203_subsys_main/u_e203_cpu_top/u_e203_srams/u_e203_dtcm_ram/u_e203_dtcm_gnrl_ram/u_sirv_sim_ram/mem[1].non_last.mem_r_reg_0_0/ADDRARDADDR[14] (net: dut/u_e203_subsys_top/u_e203_subsys_main/u_e203_cpu_top/u_e203_srams/u_e203_dtcm_ram/u_e203_dtcm_gnrl_ram/u_sirv_sim_ram/ADDRARDADDR[13]) which is driven by a register (dut/u_e203_subsys_top/u_e203_subsys_main/u_e203_cpu_top/u_e203_cpu/u_e203_core/u_e203_exu/u_e203_exu_alu/u_e203_exu_alu_muldiv/exec_cnt_dfflr/qout_r_reg[5]) that has an active asychronous set or reset. This may cause corruption of the memory contents and/or read values when the set/reset is asserted and is not analyzed by the default static timing analysis. It is suggested to eliminate the use of a set/reset to registers driving this RAMB pin or else use a synchronous reset in which the assertion of the reset is timed by default.
Related violations: <none>

REQP-1839#14 Warning
RAMB36 async control check  
The RAMB36E1 dut/u_e203_subsys_top/u_e203_subsys_main/u_e203_cpu_top/u_e203_srams/u_e203_dtcm_ram/u_e203_dtcm_gnrl_ram/u_sirv_sim_ram/mem[1].non_last.mem_r_reg_0_0 has an input control pin dut/u_e203_subsys_top/u_e203_subsys_main/u_e203_cpu_top/u_e203_srams/u_e203_dtcm_ram/u_e203_dtcm_gnrl_ram/u_sirv_sim_ram/mem[1].non_last.mem_r_reg_0_0/ADDRARDADDR[14] (net: dut/u_e203_subsys_top/u_e203_subsys_main/u_e203_cpu_top/u_e203_srams/u_e203_dtcm_ram/u_e203_dtcm_gnrl_ram/u_sirv_sim_ram/ADDRARDADDR[13]) which is driven by a register (dut/u_e203_subsys_top/u_e203_subsys_main/u_e203_cpu_top/u_e203_cpu/u_e203_core/u_e203_exu/u_e203_exu_alu/u_e203_exu_alu_muldiv/muldiv_state_dfflr/qout_r_reg[0]) that has an active asychronous set or reset. This may cause corruption of the memory contents and/or read values when the set/reset is asserted and is not analyzed by the default static timing analysis. It is suggested to eliminate the use of a set/reset to registers driving this RAMB pin or else use a synchronous reset in which the assertion of the reset is timed by default.
Related violations: <none>

REQP-1839#15 Warning
RAMB36 async control check  
The RAMB36E1 dut/u_e203_subsys_top/u_e203_subsys_main/u_e203_cpu_top/u_e203_srams/u_e203_dtcm_ram/u_e203_dtcm_gnrl_ram/u_sirv_sim_ram/mem[1].non_last.mem_r_reg_0_0 has an input control pin dut/u_e203_subsys_top/u_e203_subsys_main/u_e203_cpu_top/u_e203_srams/u_e203_dtcm_ram/u_e203_dtcm_gnrl_ram/u_sirv_sim_ram/mem[1].non_last.mem_r_reg_0_0/ADDRARDADDR[14] (net: dut/u_e203_subsys_top/u_e203_subsys_main/u_e203_cpu_top/u_e203_srams/u_e203_dtcm_ram/u_e203_dtcm_gnrl_ram/u_sirv_sim_ram/ADDRARDADDR[13]) which is driven by a register (dut/u_e203_subsys_top/u_e203_subsys_main/u_e203_cpu_top/u_e203_cpu/u_e203_core/u_e203_exu/u_e203_exu_alu/u_e203_exu_alu_muldiv/muldiv_state_dfflr/qout_r_reg[1]) that has an active asychronous set or reset. This may cause corruption of the memory contents and/or read values when the set/reset is asserted and is not analyzed by the default static timing analysis. It is suggested to eliminate the use of a set/reset to registers driving this RAMB pin or else use a synchronous reset in which the assertion of the reset is timed by default.
Related violations: <none>

REQP-1839#16 Warning
RAMB36 async control check  
The RAMB36E1 dut/u_e203_subsys_top/u_e203_subsys_main/u_e203_cpu_top/u_e203_srams/u_e203_dtcm_ram/u_e203_dtcm_gnrl_ram/u_sirv_sim_ram/mem[1].non_last.mem_r_reg_0_0 has an input control pin dut/u_e203_subsys_top/u_e203_subsys_main/u_e203_cpu_top/u_e203_srams/u_e203_dtcm_ram/u_e203_dtcm_gnrl_ram/u_sirv_sim_ram/mem[1].non_last.mem_r_reg_0_0/ADDRARDADDR[14] (net: dut/u_e203_subsys_top/u_e203_subsys_main/u_e203_cpu_top/u_e203_srams/u_e203_dtcm_ram/u_e203_dtcm_gnrl_ram/u_sirv_sim_ram/ADDRARDADDR[13]) which is driven by a register (dut/u_e203_subsys_top/u_e203_subsys_main/u_e203_cpu_top/u_e203_cpu/u_e203_core/u_e203_exu/u_e203_exu_alu/u_e203_exu_alu_muldiv/muldiv_state_dfflr/qout_r_reg[2]) that has an active asychronous set or reset. This may cause corruption of the memory contents and/or read values when the set/reset is asserted and is not analyzed by the default static timing analysis. It is suggested to eliminate the use of a set/reset to registers driving this RAMB pin or else use a synchronous reset in which the assertion of the reset is timed by default.
Related violations: <none>

REQP-1839#17 Warning
RAMB36 async control check  
The RAMB36E1 dut/u_e203_subsys_top/u_e203_subsys_main/u_e203_cpu_top/u_e203_srams/u_e203_dtcm_ram/u_e203_dtcm_gnrl_ram/u_sirv_sim_ram/mem[1].non_last.mem_r_reg_0_0 has an input control pin dut/u_e203_subsys_top/u_e203_subsys_main/u_e203_cpu_top/u_e203_srams/u_e203_dtcm_ram/u_e203_dtcm_gnrl_ram/u_sirv_sim_ram/mem[1].non_last.mem_r_reg_0_0/ADDRARDADDR[14] (net: dut/u_e203_subsys_top/u_e203_subsys_main/u_e203_cpu_top/u_e203_srams/u_e203_dtcm_ram/u_e203_dtcm_gnrl_ram/u_sirv_sim_ram/ADDRARDADDR[13]) which is driven by a register (dut/u_e203_subsys_top/u_e203_subsys_main/u_e203_cpu_top/u_e203_cpu/u_e203_core/u_e203_exu/u_e203_exu_alu/u_e203_exu_alu_muldiv/part_prdt_sft1_dfflr/qout_r_reg[0]) that has an active asychronous set or reset. This may cause corruption of the memory contents and/or read values when the set/reset is asserted and is not analyzed by the default static timing analysis. It is suggested to eliminate the use of a set/reset to registers driving this RAMB pin or else use a synchronous reset in which the assertion of the reset is timed by default.
Related violations: <none>

REQP-1839#18 Warning
RAMB36 async control check  
The RAMB36E1 dut/u_e203_subsys_top/u_e203_subsys_main/u_e203_cpu_top/u_e203_srams/u_e203_dtcm_ram/u_e203_dtcm_gnrl_ram/u_sirv_sim_ram/mem[1].non_last.mem_r_reg_0_0 has an input control pin dut/u_e203_subsys_top/u_e203_subsys_main/u_e203_cpu_top/u_e203_srams/u_e203_dtcm_ram/u_e203_dtcm_gnrl_ram/u_sirv_sim_ram/mem[1].non_last.mem_r_reg_0_0/ADDRARDADDR[14] (net: dut/u_e203_subsys_top/u_e203_subsys_main/u_e203_cpu_top/u_e203_srams/u_e203_dtcm_ram/u_e203_dtcm_gnrl_ram/u_sirv_sim_ram/ADDRARDADDR[13]) which is driven by a register (dut/u_e203_subsys_top/u_e203_subsys_main/u_e203_cpu_top/u_e203_cpu/u_e203_core/u_e203_exu/u_e203_exu_alu/u_e203_exu_alu_muldiv/part_remd_sft1_dfflr/qout_r_reg[0]) that has an active asychronous set or reset. This may cause corruption of the memory contents and/or read values when the set/reset is asserted and is not analyzed by the default static timing analysis. It is suggested to eliminate the use of a set/reset to registers driving this RAMB pin or else use a synchronous reset in which the assertion of the reset is timed by default.
Related violations: <none>

REQP-1839#19 Warning
RAMB36 async control check  
The RAMB36E1 dut/u_e203_subsys_top/u_e203_subsys_main/u_e203_cpu_top/u_e203_srams/u_e203_dtcm_ram/u_e203_dtcm_gnrl_ram/u_sirv_sim_ram/mem[1].non_last.mem_r_reg_0_0 has an input control pin dut/u_e203_subsys_top/u_e203_subsys_main/u_e203_cpu_top/u_e203_srams/u_e203_dtcm_ram/u_e203_dtcm_gnrl_ram/u_sirv_sim_ram/mem[1].non_last.mem_r_reg_0_0/ADDRARDADDR[14] (net: dut/u_e203_subsys_top/u_e203_subsys_main/u_e203_cpu_top/u_e203_srams/u_e203_dtcm_ram/u_e203_dtcm_gnrl_ram/u_sirv_sim_ram/ADDRARDADDR[13]) which is driven by a register (dut/u_e203_subsys_top/u_e203_subsys_main/u_e203_cpu_top/u_e203_cpu/u_e203_core/u_e203_exu/u_e203_exu_alu/u_e203_exu_nice/u_nice_itag_fifo/dp_gt0.dp_gt1.rptr_vec_31_dfflr/qout_r_reg[0]) that has an active asychronous set or reset. This may cause corruption of the memory contents and/or read values when the set/reset is asserted and is not analyzed by the default static timing analysis. It is suggested to eliminate the use of a set/reset to registers driving this RAMB pin or else use a synchronous reset in which the assertion of the reset is timed by default.
Related violations: <none>

REQP-1839#20 Warning
RAMB36 async control check  
The RAMB36E1 dut/u_e203_subsys_top/u_e203_subsys_main/u_e203_cpu_top/u_e203_srams/u_e203_dtcm_ram/u_e203_dtcm_gnrl_ram/u_sirv_sim_ram/mem[1].non_last.mem_r_reg_0_0 has an input control pin dut/u_e203_subsys_top/u_e203_subsys_main/u_e203_cpu_top/u_e203_srams/u_e203_dtcm_ram/u_e203_dtcm_gnrl_ram/u_sirv_sim_ram/mem[1].non_last.mem_r_reg_0_0/ADDRARDADDR[14] (net: dut/u_e203_subsys_top/u_e203_subsys_main/u_e203_cpu_top/u_e203_srams/u_e203_dtcm_ram/u_e203_dtcm_gnrl_ram/u_sirv_sim_ram/ADDRARDADDR[13]) which is driven by a register (dut/u_e203_subsys_top/u_e203_subsys_main/u_e203_cpu_top/u_e203_cpu/u_e203_core/u_e203_exu/u_e203_exu_alu/u_e203_exu_nice/u_nice_itag_fifo/dp_gt0.dp_gt1.rptr_vec_31_dfflr/qout_r_reg[2]) that has an active asychronous set or reset. This may cause corruption of the memory contents and/or read values when the set/reset is asserted and is not analyzed by the default static timing analysis. It is suggested to eliminate the use of a set/reset to registers driving this RAMB pin or else use a synchronous reset in which the assertion of the reset is timed by default.
Related violations: <none>

REQP-1840#1 Warning
RAMB18 async control check  
The RAMB18E1 dut/u_e203_subsys_top/u_e203_subsys_main/u_e203_subsys_perips/u0_cache/u0_cache_memory/cache[0].tag_ram/u_sirv_sim_ram/mem[1].non_last.mem_r_reg has an input control pin dut/u_e203_subsys_top/u_e203_subsys_main/u_e203_subsys_perips/u0_cache/u0_cache_memory/cache[0].tag_ram/u_sirv_sim_ram/mem[1].non_last.mem_r_reg/ADDRARDADDR[10] (net: dut/u_e203_subsys_top/u_e203_subsys_main/u_e203_subsys_perips/u0_cache/u0_cache_memory/cache[0].tag_ram/u_sirv_sim_ram/ADDRARDADDR[5]) which is driven by a register (dut/u_e203_subsys_top/u_e203_subsys_main/u_e203_subsys_mems/u_sirv_mem_fab/u_i_icb_splt/splt_num_gt_1_gen.fifo_dp_1.u_sirv_gnrl_rspid_fifo/dp_gt_0.vld_dfflr/qout_r_reg[0]) that has an active asychronous set or reset. This may cause corruption of the memory contents and/or read values when the set/reset is asserted and is not analyzed by the default static timing analysis. It is suggested to eliminate the use of a set/reset to registers driving this RAMB pin or else use a synchronous reset in which the assertion of the reset is timed by default.
Related violations: <none>

REQP-1840#2 Warning
RAMB18 async control check  
The RAMB18E1 dut/u_e203_subsys_top/u_e203_subsys_main/u_e203_subsys_perips/u0_cache/u0_cache_memory/cache[0].tag_ram/u_sirv_sim_ram/mem[1].non_last.mem_r_reg has an input control pin dut/u_e203_subsys_top/u_e203_subsys_main/u_e203_subsys_perips/u0_cache/u0_cache_memory/cache[0].tag_ram/u_sirv_sim_ram/mem[1].non_last.mem_r_reg/ADDRARDADDR[10] (net: dut/u_e203_subsys_top/u_e203_subsys_main/u_e203_subsys_perips/u0_cache/u0_cache_memory/cache[0].tag_ram/u_sirv_sim_ram/ADDRARDADDR[5]) which is driven by a register (dut/u_e203_subsys_top/u_e203_subsys_main/u_e203_subsys_mems/u_sirv_mem_fab/u_sirv_gnrl_icb_buffer/u_sirv_gnrl_cmd_fifo/dp_gt0.dp_gt1.rptr_vec_31_dfflr/qout_r_reg[0]) that has an active asychronous set or reset. This may cause corruption of the memory contents and/or read values when the set/reset is asserted and is not analyzed by the default static timing analysis. It is suggested to eliminate the use of a set/reset to registers driving this RAMB pin or else use a synchronous reset in which the assertion of the reset is timed by default.
Related violations: <none>

REQP-1840#3 Warning
RAMB18 async control check  
The RAMB18E1 dut/u_e203_subsys_top/u_e203_subsys_main/u_e203_subsys_perips/u0_cache/u0_cache_memory/cache[0].tag_ram/u_sirv_sim_ram/mem[1].non_last.mem_r_reg has an input control pin dut/u_e203_subsys_top/u_e203_subsys_main/u_e203_subsys_perips/u0_cache/u0_cache_memory/cache[0].tag_ram/u_sirv_sim_ram/mem[1].non_last.mem_r_reg/ADDRARDADDR[10] (net: dut/u_e203_subsys_top/u_e203_subsys_main/u_e203_subsys_perips/u0_cache/u0_cache_memory/cache[0].tag_ram/u_sirv_sim_ram/ADDRARDADDR[5]) which is driven by a register (dut/u_e203_subsys_top/u_e203_subsys_main/u_e203_subsys_mems/u_sirv_mem_fab/u_sirv_gnrl_icb_buffer/u_sirv_gnrl_cmd_fifo/dp_gt0.rptr_vec_0_dfflrs/qout_r_reg[0]) that has an active asychronous set or reset. This may cause corruption of the memory contents and/or read values when the set/reset is asserted and is not analyzed by the default static timing analysis. It is suggested to eliminate the use of a set/reset to registers driving this RAMB pin or else use a synchronous reset in which the assertion of the reset is timed by default.
Related violations: <none>

REQP-1840#4 Warning
RAMB18 async control check  
The RAMB18E1 dut/u_e203_subsys_top/u_e203_subsys_main/u_e203_subsys_perips/u0_cache/u0_cache_memory/cache[0].tag_ram/u_sirv_sim_ram/mem[1].non_last.mem_r_reg has an input control pin dut/u_e203_subsys_top/u_e203_subsys_main/u_e203_subsys_perips/u0_cache/u0_cache_memory/cache[0].tag_ram/u_sirv_sim_ram/mem[1].non_last.mem_r_reg/ADDRARDADDR[10] (net: dut/u_e203_subsys_top/u_e203_subsys_main/u_e203_subsys_perips/u0_cache/u0_cache_memory/cache[0].tag_ram/u_sirv_sim_ram/ADDRARDADDR[5]) which is driven by a register (dut/u_e203_subsys_top/u_e203_subsys_main/u_e203_subsys_mems/u_sirv_mem_fab/u_sirv_gnrl_icb_buffer/u_sirv_gnrl_cmd_fifo/dp_gt0.vec_31_dfflr/qout_r_reg[0]) that has an active asychronous set or reset. This may cause corruption of the memory contents and/or read values when the set/reset is asserted and is not analyzed by the default static timing analysis. It is suggested to eliminate the use of a set/reset to registers driving this RAMB pin or else use a synchronous reset in which the assertion of the reset is timed by default.
Related violations: <none>

REQP-1840#5 Warning
RAMB18 async control check  
The RAMB18E1 dut/u_e203_subsys_top/u_e203_subsys_main/u_e203_subsys_perips/u0_cache/u0_cache_memory/cache[0].tag_ram/u_sirv_sim_ram/mem[1].non_last.mem_r_reg has an input control pin dut/u_e203_subsys_top/u_e203_subsys_main/u_e203_subsys_perips/u0_cache/u0_cache_memory/cache[0].tag_ram/u_sirv_sim_ram/mem[1].non_last.mem_r_reg/ADDRARDADDR[10] (net: dut/u_e203_subsys_top/u_e203_subsys_main/u_e203_subsys_perips/u0_cache/u0_cache_memory/cache[0].tag_ram/u_sirv_sim_ram/ADDRARDADDR[5]) which is driven by a register (dut/u_e203_subsys_top/u_e203_subsys_main/u_e203_subsys_mems/u_sirv_mem_fab/u_sirv_gnrl_icb_buffer/u_sirv_gnrl_rsp_fifo/dp_gt0.vec_31_dfflr/qout_r_reg[1]) that has an active asychronous set or reset. This may cause corruption of the memory contents and/or read values when the set/reset is asserted and is not analyzed by the default static timing analysis. It is suggested to eliminate the use of a set/reset to registers driving this RAMB pin or else use a synchronous reset in which the assertion of the reset is timed by default.
Related violations: <none>

REQP-1840#6 Warning
RAMB18 async control check  
The RAMB18E1 dut/u_e203_subsys_top/u_e203_subsys_main/u_e203_subsys_perips/u0_cache/u0_cache_memory/cache[0].tag_ram/u_sirv_sim_ram/mem[1].non_last.mem_r_reg has an input control pin dut/u_e203_subsys_top/u_e203_subsys_main/u_e203_subsys_perips/u0_cache/u0_cache_memory/cache[0].tag_ram/u_sirv_sim_ram/mem[1].non_last.mem_r_reg/ADDRARDADDR[7] (net: dut/u_e203_subsys_top/u_e203_subsys_main/u_e203_subsys_perips/u0_cache/u0_cache_memory/cache[0].tag_ram/u_sirv_sim_ram/ADDRARDADDR[2]) which is driven by a register (dut/u_e203_subsys_top/u_e203_subsys_main/u_e203_subsys_mems/u_sirv_mem_fab/u_i_icb_splt/splt_num_gt_1_gen.fifo_dp_1.u_sirv_gnrl_rspid_fifo/dp_gt_0.vld_dfflr/qout_r_reg[0]) that has an active asychronous set or reset. This may cause corruption of the memory contents and/or read values when the set/reset is asserted and is not analyzed by the default static timing analysis. It is suggested to eliminate the use of a set/reset to registers driving this RAMB pin or else use a synchronous reset in which the assertion of the reset is timed by default.
Related violations: <none>

REQP-1840#7 Warning
RAMB18 async control check  
The RAMB18E1 dut/u_e203_subsys_top/u_e203_subsys_main/u_e203_subsys_perips/u0_cache/u0_cache_memory/cache[0].tag_ram/u_sirv_sim_ram/mem[1].non_last.mem_r_reg has an input control pin dut/u_e203_subsys_top/u_e203_subsys_main/u_e203_subsys_perips/u0_cache/u0_cache_memory/cache[0].tag_ram/u_sirv_sim_ram/mem[1].non_last.mem_r_reg/ADDRARDADDR[7] (net: dut/u_e203_subsys_top/u_e203_subsys_main/u_e203_subsys_perips/u0_cache/u0_cache_memory/cache[0].tag_ram/u_sirv_sim_ram/ADDRARDADDR[2]) which is driven by a register (dut/u_e203_subsys_top/u_e203_subsys_main/u_e203_subsys_mems/u_sirv_mem_fab/u_sirv_gnrl_icb_buffer/u_sirv_gnrl_cmd_fifo/dp_gt0.dp_gt1.rptr_vec_31_dfflr/qout_r_reg[0]) that has an active asychronous set or reset. This may cause corruption of the memory contents and/or read values when the set/reset is asserted and is not analyzed by the default static timing analysis. It is suggested to eliminate the use of a set/reset to registers driving this RAMB pin or else use a synchronous reset in which the assertion of the reset is timed by default.
Related violations: <none>

REQP-1840#8 Warning
RAMB18 async control check  
The RAMB18E1 dut/u_e203_subsys_top/u_e203_subsys_main/u_e203_subsys_perips/u0_cache/u0_cache_memory/cache[0].tag_ram/u_sirv_sim_ram/mem[1].non_last.mem_r_reg has an input control pin dut/u_e203_subsys_top/u_e203_subsys_main/u_e203_subsys_perips/u0_cache/u0_cache_memory/cache[0].tag_ram/u_sirv_sim_ram/mem[1].non_last.mem_r_reg/ADDRARDADDR[7] (net: dut/u_e203_subsys_top/u_e203_subsys_main/u_e203_subsys_perips/u0_cache/u0_cache_memory/cache[0].tag_ram/u_sirv_sim_ram/ADDRARDADDR[2]) which is driven by a register (dut/u_e203_subsys_top/u_e203_subsys_main/u_e203_subsys_mems/u_sirv_mem_fab/u_sirv_gnrl_icb_buffer/u_sirv_gnrl_cmd_fifo/dp_gt0.rptr_vec_0_dfflrs/qout_r_reg[0]) that has an active asychronous set or reset. This may cause corruption of the memory contents and/or read values when the set/reset is asserted and is not analyzed by the default static timing analysis. It is suggested to eliminate the use of a set/reset to registers driving this RAMB pin or else use a synchronous reset in which the assertion of the reset is timed by default.
Related violations: <none>

REQP-1840#9 Warning
RAMB18 async control check  
The RAMB18E1 dut/u_e203_subsys_top/u_e203_subsys_main/u_e203_subsys_perips/u0_cache/u0_cache_memory/cache[0].tag_ram/u_sirv_sim_ram/mem[1].non_last.mem_r_reg has an input control pin dut/u_e203_subsys_top/u_e203_subsys_main/u_e203_subsys_perips/u0_cache/u0_cache_memory/cache[0].tag_ram/u_sirv_sim_ram/mem[1].non_last.mem_r_reg/ADDRARDADDR[7] (net: dut/u_e203_subsys_top/u_e203_subsys_main/u_e203_subsys_perips/u0_cache/u0_cache_memory/cache[0].tag_ram/u_sirv_sim_ram/ADDRARDADDR[2]) which is driven by a register (dut/u_e203_subsys_top/u_e203_subsys_main/u_e203_subsys_mems/u_sirv_mem_fab/u_sirv_gnrl_icb_buffer/u_sirv_gnrl_cmd_fifo/dp_gt0.vec_31_dfflr/qout_r_reg[0]) that has an active asychronous set or reset. This may cause corruption of the memory contents and/or read values when the set/reset is asserted and is not analyzed by the default static timing analysis. It is suggested to eliminate the use of a set/reset to registers driving this RAMB pin or else use a synchronous reset in which the assertion of the reset is timed by default.
Related violations: <none>

REQP-1840#10 Warning
RAMB18 async control check  
The RAMB18E1 dut/u_e203_subsys_top/u_e203_subsys_main/u_e203_subsys_perips/u0_cache/u0_cache_memory/cache[0].tag_ram/u_sirv_sim_ram/mem[1].non_last.mem_r_reg has an input control pin dut/u_e203_subsys_top/u_e203_subsys_main/u_e203_subsys_perips/u0_cache/u0_cache_memory/cache[0].tag_ram/u_sirv_sim_ram/mem[1].non_last.mem_r_reg/ADDRARDADDR[7] (net: dut/u_e203_subsys_top/u_e203_subsys_main/u_e203_subsys_perips/u0_cache/u0_cache_memory/cache[0].tag_ram/u_sirv_sim_ram/ADDRARDADDR[2]) which is driven by a register (dut/u_e203_subsys_top/u_e203_subsys_main/u_e203_subsys_mems/u_sirv_mem_fab/u_sirv_gnrl_icb_buffer/u_sirv_gnrl_rsp_fifo/dp_gt0.vec_31_dfflr/qout_r_reg[1]) that has an active asychronous set or reset. This may cause corruption of the memory contents and/or read values when the set/reset is asserted and is not analyzed by the default static timing analysis. It is suggested to eliminate the use of a set/reset to registers driving this RAMB pin or else use a synchronous reset in which the assertion of the reset is timed by default.
Related violations: <none>

REQP-1840#11 Warning
RAMB18 async control check  
The RAMB18E1 dut/u_e203_subsys_top/u_e203_subsys_main/u_e203_subsys_perips/u0_cache/u0_cache_memory/cache[0].tag_ram/u_sirv_sim_ram/mem[1].non_last.mem_r_reg has an input control pin dut/u_e203_subsys_top/u_e203_subsys_main/u_e203_subsys_perips/u0_cache/u0_cache_memory/cache[0].tag_ram/u_sirv_sim_ram/mem[1].non_last.mem_r_reg/ADDRARDADDR[8] (net: dut/u_e203_subsys_top/u_e203_subsys_main/u_e203_subsys_perips/u0_cache/u0_cache_memory/cache[0].tag_ram/u_sirv_sim_ram/ADDRARDADDR[3]) which is driven by a register (dut/u_e203_subsys_top/u_e203_subsys_main/u_e203_subsys_mems/u_sirv_mem_fab/u_i_icb_splt/splt_num_gt_1_gen.fifo_dp_1.u_sirv_gnrl_rspid_fifo/dp_gt_0.vld_dfflr/qout_r_reg[0]) that has an active asychronous set or reset. This may cause corruption of the memory contents and/or read values when the set/reset is asserted and is not analyzed by the default static timing analysis. It is suggested to eliminate the use of a set/reset to registers driving this RAMB pin or else use a synchronous reset in which the assertion of the reset is timed by default.
Related violations: <none>

REQP-1840#12 Warning
RAMB18 async control check  
The RAMB18E1 dut/u_e203_subsys_top/u_e203_subsys_main/u_e203_subsys_perips/u0_cache/u0_cache_memory/cache[0].tag_ram/u_sirv_sim_ram/mem[1].non_last.mem_r_reg has an input control pin dut/u_e203_subsys_top/u_e203_subsys_main/u_e203_subsys_perips/u0_cache/u0_cache_memory/cache[0].tag_ram/u_sirv_sim_ram/mem[1].non_last.mem_r_reg/ADDRARDADDR[8] (net: dut/u_e203_subsys_top/u_e203_subsys_main/u_e203_subsys_perips/u0_cache/u0_cache_memory/cache[0].tag_ram/u_sirv_sim_ram/ADDRARDADDR[3]) which is driven by a register (dut/u_e203_subsys_top/u_e203_subsys_main/u_e203_subsys_mems/u_sirv_mem_fab/u_sirv_gnrl_icb_buffer/u_sirv_gnrl_cmd_fifo/dp_gt0.dp_gt1.rptr_vec_31_dfflr/qout_r_reg[0]) that has an active asychronous set or reset. This may cause corruption of the memory contents and/or read values when the set/reset is asserted and is not analyzed by the default static timing analysis. It is suggested to eliminate the use of a set/reset to registers driving this RAMB pin or else use a synchronous reset in which the assertion of the reset is timed by default.
Related violations: <none>

REQP-1840#13 Warning
RAMB18 async control check  
The RAMB18E1 dut/u_e203_subsys_top/u_e203_subsys_main/u_e203_subsys_perips/u0_cache/u0_cache_memory/cache[0].tag_ram/u_sirv_sim_ram/mem[1].non_last.mem_r_reg has an input control pin dut/u_e203_subsys_top/u_e203_subsys_main/u_e203_subsys_perips/u0_cache/u0_cache_memory/cache[0].tag_ram/u_sirv_sim_ram/mem[1].non_last.mem_r_reg/ADDRARDADDR[8] (net: dut/u_e203_subsys_top/u_e203_subsys_main/u_e203_subsys_perips/u0_cache/u0_cache_memory/cache[0].tag_ram/u_sirv_sim_ram/ADDRARDADDR[3]) which is driven by a register (dut/u_e203_subsys_top/u_e203_subsys_main/u_e203_subsys_mems/u_sirv_mem_fab/u_sirv_gnrl_icb_buffer/u_sirv_gnrl_cmd_fifo/dp_gt0.rptr_vec_0_dfflrs/qout_r_reg[0]) that has an active asychronous set or reset. This may cause corruption of the memory contents and/or read values when the set/reset is asserted and is not analyzed by the default static timing analysis. It is suggested to eliminate the use of a set/reset to registers driving this RAMB pin or else use a synchronous reset in which the assertion of the reset is timed by default.
Related violations: <none>

REQP-1840#14 Warning
RAMB18 async control check  
The RAMB18E1 dut/u_e203_subsys_top/u_e203_subsys_main/u_e203_subsys_perips/u0_cache/u0_cache_memory/cache[0].tag_ram/u_sirv_sim_ram/mem[1].non_last.mem_r_reg has an input control pin dut/u_e203_subsys_top/u_e203_subsys_main/u_e203_subsys_perips/u0_cache/u0_cache_memory/cache[0].tag_ram/u_sirv_sim_ram/mem[1].non_last.mem_r_reg/ADDRARDADDR[8] (net: dut/u_e203_subsys_top/u_e203_subsys_main/u_e203_subsys_perips/u0_cache/u0_cache_memory/cache[0].tag_ram/u_sirv_sim_ram/ADDRARDADDR[3]) which is driven by a register (dut/u_e203_subsys_top/u_e203_subsys_main/u_e203_subsys_mems/u_sirv_mem_fab/u_sirv_gnrl_icb_buffer/u_sirv_gnrl_cmd_fifo/dp_gt0.vec_31_dfflr/qout_r_reg[0]) that has an active asychronous set or reset. This may cause corruption of the memory contents and/or read values when the set/reset is asserted and is not analyzed by the default static timing analysis. It is suggested to eliminate the use of a set/reset to registers driving this RAMB pin or else use a synchronous reset in which the assertion of the reset is timed by default.
Related violations: <none>

REQP-1840#15 Warning
RAMB18 async control check  
The RAMB18E1 dut/u_e203_subsys_top/u_e203_subsys_main/u_e203_subsys_perips/u0_cache/u0_cache_memory/cache[0].tag_ram/u_sirv_sim_ram/mem[1].non_last.mem_r_reg has an input control pin dut/u_e203_subsys_top/u_e203_subsys_main/u_e203_subsys_perips/u0_cache/u0_cache_memory/cache[0].tag_ram/u_sirv_sim_ram/mem[1].non_last.mem_r_reg/ADDRARDADDR[8] (net: dut/u_e203_subsys_top/u_e203_subsys_main/u_e203_subsys_perips/u0_cache/u0_cache_memory/cache[0].tag_ram/u_sirv_sim_ram/ADDRARDADDR[3]) which is driven by a register (dut/u_e203_subsys_top/u_e203_subsys_main/u_e203_subsys_mems/u_sirv_mem_fab/u_sirv_gnrl_icb_buffer/u_sirv_gnrl_rsp_fifo/dp_gt0.vec_31_dfflr/qout_r_reg[1]) that has an active asychronous set or reset. This may cause corruption of the memory contents and/or read values when the set/reset is asserted and is not analyzed by the default static timing analysis. It is suggested to eliminate the use of a set/reset to registers driving this RAMB pin or else use a synchronous reset in which the assertion of the reset is timed by default.
Related violations: <none>

REQP-1840#16 Warning
RAMB18 async control check  
The RAMB18E1 dut/u_e203_subsys_top/u_e203_subsys_main/u_e203_subsys_perips/u0_cache/u0_cache_memory/cache[0].tag_ram/u_sirv_sim_ram/mem[1].non_last.mem_r_reg has an input control pin dut/u_e203_subsys_top/u_e203_subsys_main/u_e203_subsys_perips/u0_cache/u0_cache_memory/cache[0].tag_ram/u_sirv_sim_ram/mem[1].non_last.mem_r_reg/ADDRARDADDR[9] (net: dut/u_e203_subsys_top/u_e203_subsys_main/u_e203_subsys_perips/u0_cache/u0_cache_memory/cache[0].tag_ram/u_sirv_sim_ram/ADDRARDADDR[4]) which is driven by a register (dut/u_e203_subsys_top/u_e203_subsys_main/u_e203_subsys_mems/u_sirv_mem_fab/u_i_icb_splt/splt_num_gt_1_gen.fifo_dp_1.u_sirv_gnrl_rspid_fifo/dp_gt_0.vld_dfflr/qout_r_reg[0]) that has an active asychronous set or reset. This may cause corruption of the memory contents and/or read values when the set/reset is asserted and is not analyzed by the default static timing analysis. It is suggested to eliminate the use of a set/reset to registers driving this RAMB pin or else use a synchronous reset in which the assertion of the reset is timed by default.
Related violations: <none>

REQP-1840#17 Warning
RAMB18 async control check  
The RAMB18E1 dut/u_e203_subsys_top/u_e203_subsys_main/u_e203_subsys_perips/u0_cache/u0_cache_memory/cache[0].tag_ram/u_sirv_sim_ram/mem[1].non_last.mem_r_reg has an input control pin dut/u_e203_subsys_top/u_e203_subsys_main/u_e203_subsys_perips/u0_cache/u0_cache_memory/cache[0].tag_ram/u_sirv_sim_ram/mem[1].non_last.mem_r_reg/ADDRARDADDR[9] (net: dut/u_e203_subsys_top/u_e203_subsys_main/u_e203_subsys_perips/u0_cache/u0_cache_memory/cache[0].tag_ram/u_sirv_sim_ram/ADDRARDADDR[4]) which is driven by a register (dut/u_e203_subsys_top/u_e203_subsys_main/u_e203_subsys_mems/u_sirv_mem_fab/u_sirv_gnrl_icb_buffer/u_sirv_gnrl_cmd_fifo/dp_gt0.dp_gt1.rptr_vec_31_dfflr/qout_r_reg[0]) that has an active asychronous set or reset. This may cause corruption of the memory contents and/or read values when the set/reset is asserted and is not analyzed by the default static timing analysis. It is suggested to eliminate the use of a set/reset to registers driving this RAMB pin or else use a synchronous reset in which the assertion of the reset is timed by default.
Related violations: <none>

REQP-1840#18 Warning
RAMB18 async control check  
The RAMB18E1 dut/u_e203_subsys_top/u_e203_subsys_main/u_e203_subsys_perips/u0_cache/u0_cache_memory/cache[0].tag_ram/u_sirv_sim_ram/mem[1].non_last.mem_r_reg has an input control pin dut/u_e203_subsys_top/u_e203_subsys_main/u_e203_subsys_perips/u0_cache/u0_cache_memory/cache[0].tag_ram/u_sirv_sim_ram/mem[1].non_last.mem_r_reg/ADDRARDADDR[9] (net: dut/u_e203_subsys_top/u_e203_subsys_main/u_e203_subsys_perips/u0_cache/u0_cache_memory/cache[0].tag_ram/u_sirv_sim_ram/ADDRARDADDR[4]) which is driven by a register (dut/u_e203_subsys_top/u_e203_subsys_main/u_e203_subsys_mems/u_sirv_mem_fab/u_sirv_gnrl_icb_buffer/u_sirv_gnrl_cmd_fifo/dp_gt0.rptr_vec_0_dfflrs/qout_r_reg[0]) that has an active asychronous set or reset. This may cause corruption of the memory contents and/or read values when the set/reset is asserted and is not analyzed by the default static timing analysis. It is suggested to eliminate the use of a set/reset to registers driving this RAMB pin or else use a synchronous reset in which the assertion of the reset is timed by default.
Related violations: <none>

REQP-1840#19 Warning
RAMB18 async control check  
The RAMB18E1 dut/u_e203_subsys_top/u_e203_subsys_main/u_e203_subsys_perips/u0_cache/u0_cache_memory/cache[0].tag_ram/u_sirv_sim_ram/mem[1].non_last.mem_r_reg has an input control pin dut/u_e203_subsys_top/u_e203_subsys_main/u_e203_subsys_perips/u0_cache/u0_cache_memory/cache[0].tag_ram/u_sirv_sim_ram/mem[1].non_last.mem_r_reg/ADDRARDADDR[9] (net: dut/u_e203_subsys_top/u_e203_subsys_main/u_e203_subsys_perips/u0_cache/u0_cache_memory/cache[0].tag_ram/u_sirv_sim_ram/ADDRARDADDR[4]) which is driven by a register (dut/u_e203_subsys_top/u_e203_subsys_main/u_e203_subsys_mems/u_sirv_mem_fab/u_sirv_gnrl_icb_buffer/u_sirv_gnrl_cmd_fifo/dp_gt0.vec_31_dfflr/qout_r_reg[0]) that has an active asychronous set or reset. This may cause corruption of the memory contents and/or read values when the set/reset is asserted and is not analyzed by the default static timing analysis. It is suggested to eliminate the use of a set/reset to registers driving this RAMB pin or else use a synchronous reset in which the assertion of the reset is timed by default.
Related violations: <none>

REQP-1840#20 Warning
RAMB18 async control check  
The RAMB18E1 dut/u_e203_subsys_top/u_e203_subsys_main/u_e203_subsys_perips/u0_cache/u0_cache_memory/cache[0].tag_ram/u_sirv_sim_ram/mem[1].non_last.mem_r_reg has an input control pin dut/u_e203_subsys_top/u_e203_subsys_main/u_e203_subsys_perips/u0_cache/u0_cache_memory/cache[0].tag_ram/u_sirv_sim_ram/mem[1].non_last.mem_r_reg/ADDRARDADDR[9] (net: dut/u_e203_subsys_top/u_e203_subsys_main/u_e203_subsys_perips/u0_cache/u0_cache_memory/cache[0].tag_ram/u_sirv_sim_ram/ADDRARDADDR[4]) which is driven by a register (dut/u_e203_subsys_top/u_e203_subsys_main/u_e203_subsys_mems/u_sirv_mem_fab/u_sirv_gnrl_icb_buffer/u_sirv_gnrl_rsp_fifo/dp_gt0.vec_31_dfflr/qout_r_reg[1]) that has an active asychronous set or reset. This may cause corruption of the memory contents and/or read values when the set/reset is asserted and is not analyzed by the default static timing analysis. It is suggested to eliminate the use of a set/reset to registers driving this RAMB pin or else use a synchronous reset in which the assertion of the reset is timed by default.
Related violations: <none>


