Copyright 1986-2018 Xilinx, Inc. All Rights Reserved.
-----------------------------------------------------------------------------------------
| Tool Version      : Vivado v.2018.3 (win64) Build 2405991 Thu Dec  6 23:38:27 MST 2018
| Date              : Thu Dec 26 11:20:19 2024
| Host              : ZhouMiao running 64-bit major release  (build 9200)
| Command           : report_clock_utilization -file system_clock_utilization_routed.rpt
| Design            : system
| Device            : 7a200t-fbg484
| Speed File        : -2L  PRODUCTION 1.23 2018-06-13
| Temperature Grade : E
-----------------------------------------------------------------------------------------

Clock Utilization Report

Table of Contents
-----------------
1. Clock Primitive Utilization
2. Global Clock Resources
3. Global Clock Source Details
4. Clock Regions: Key Resource Utilization
5. Clock Regions : Global Clock Summary
6. Device Cell Placement Summary for Global Clock g0
7. Device Cell Placement Summary for Global Clock g1
8. Device Cell Placement Summary for Global Clock g2
9. Device Cell Placement Summary for Global Clock g3
10. Device Cell Placement Summary for Global Clock g4
11. Device Cell Placement Summary for Global Clock g5
12. Clock Region Cell Placement per Global Clock: Region X0Y1
13. Clock Region Cell Placement per Global Clock: Region X1Y1
14. Clock Region Cell Placement per Global Clock: Region X0Y2
15. Clock Region Cell Placement per Global Clock: Region X1Y2
16. Clock Region Cell Placement per Global Clock: Region X0Y3
17. Clock Region Cell Placement per Global Clock: Region X0Y4

1. Clock Primitive Utilization
------------------------------

+----------+------+-----------+-----+--------------+--------+
| Type     | Used | Available | LOC | Clock Region | Pblock |
+----------+------+-----------+-----+--------------+--------+
| BUFGCTRL |    6 |        32 |   0 |            0 |      0 |
| BUFH     |    0 |       120 |   0 |            0 |      0 |
| BUFIO    |    0 |        40 |   0 |            0 |      0 |
| BUFMR    |    0 |        20 |   0 |            0 |      0 |
| BUFR     |    0 |        40 |   0 |            0 |      0 |
| MMCM     |    1 |        10 |   0 |            0 |      0 |
| PLL      |    0 |        10 |   0 |            0 |      0 |
+----------+------+-----------+-----+--------------+--------+


2. Global Clock Resources
-------------------------

+-----------+-----------+-----------------+------------+---------------+--------------+-------------------+-------------+-----------------+--------------+----------+-----------------------------------------+----------------------------------+
| Global Id | Source Id | Driver Type/Pin | Constraint | Site          | Clock Region | Load Clock Region | Clock Loads | Non-Clock Loads | Clock Period | Clock    | Driver Pin                              | Net                              |
+-----------+-----------+-----------------+------------+---------------+--------------+-------------------+-------------+-----------------+--------------+----------+-----------------------------------------+----------------------------------+
| g0        | src0      | BUFG/O          | None       | BUFGCTRL_X0Y0 | n/a          |                 5 |        8669 |               0 |       62.500 | Multiple | ip_mmcm/inst/clkout2_buf/O              | ip_mmcm/inst/clk_out2            |
| g1        | src1      | BUFG/O          | None       | BUFGCTRL_X0Y1 | n/a          |                 3 |         987 |               1 |              |          | CLK32768KHZ_BUFG_inst/O                 | CLK32768KHZ_BUFG                 |
| g2        | src2      | BUFG/O          | None       | BUFGCTRL_X0Y2 | n/a          |                 1 |         197 |               0 |              |          | dut_io_pads_jtag_TCK_i_ival_BUFG_inst/O | dut_io_pads_jtag_TCK_i_ival_BUFG |
| g3        | src0      | BUFG/O          | None       | BUFGCTRL_X0Y3 | n/a          |                 2 |          33 |               0 |       10.000 | Multiple | ip_mmcm/inst/clkout3_buf/O              | ip_mmcm/inst/clk_out3            |
| g4        | src0      | BUFG/O          | None       | BUFGCTRL_X0Y4 | n/a          |                 1 |           8 |               0 |      119.219 | Multiple | ip_mmcm/inst/clkout1_buf/O              | ip_mmcm/inst/clk_out1            |
| g5        | src0      | BUFG/O          | None       | BUFGCTRL_X0Y5 | n/a          |                 1 |           1 |               0 |       20.000 | Multiple | ip_mmcm/inst/clkf_buf/O                 | ip_mmcm/inst/clkfbout_buf_mmcm   |
+-----------+-----------+-----------------+------------+---------------+--------------+-------------------+-------------+-----------------+--------------+----------+-----------------------------------------+----------------------------------+
* Clock Loads column represents the clock pin loads (pin count)
** Non-Clock Loads column represents the non-clock pin loads (pin count)


3. Global Clock Source Details
------------------------------

+-----------+-----------+---------------------+------------+-----------------+--------------+-------------+-----------------+---------------------+--------------+-------------------------------------+----------------------------+
| Source Id | Global Id | Driver Type/Pin     | Constraint | Site            | Clock Region | Clock Loads | Non-Clock Loads | Source Clock Period | Source Clock | Driver Pin                          | Net                        |
+-----------+-----------+---------------------+------------+-----------------+--------------+-------------+-----------------+---------------------+--------------+-------------------------------------+----------------------------+
| src0      | g4        | MMCME2_ADV/CLKOUT0  | None       | MMCME2_ADV_X1Y2 | X1Y2         |           1 |               0 |             119.219 | Multiple     | ip_mmcm/inst/mmcm_adv_inst/CLKOUT0  | ip_mmcm/inst/clk_out1_mmcm |
| src0      | g0        | MMCME2_ADV/CLKOUT1  | None       | MMCME2_ADV_X1Y2 | X1Y2         |           1 |               0 |              62.500 | Multiple     | ip_mmcm/inst/mmcm_adv_inst/CLKOUT1  | ip_mmcm/inst/clk_out2_mmcm |
| src0      | g3        | MMCME2_ADV/CLKOUT2  | None       | MMCME2_ADV_X1Y2 | X1Y2         |           1 |               0 |              10.000 | Multiple     | ip_mmcm/inst/mmcm_adv_inst/CLKOUT2  | ip_mmcm/inst/clk_out3_mmcm |
| src0      | g5        | MMCME2_ADV/CLKFBOUT | None       | MMCME2_ADV_X1Y2 | X1Y2         |           1 |               0 |              20.000 | Multiple     | ip_mmcm/inst/mmcm_adv_inst/CLKFBOUT | ip_mmcm/inst/clkfbout_mmcm |
| src1      | g1        | FDRE/Q              | None       | SLICE_X85Y146   | X1Y2         |           1 |               1 |                     |              | rtc_clk_gen/clk_out_reg/Q           | rtc_clk_gen/CLK32768KHZ    |
| src2      | g2        | IBUF/O              | IOB_X0Y96  | IOB_X0Y96       | X0Y1         |           1 |               0 |                     |              | IOBUF_jtag_TCK/IBUF/O               | IOBUF_jtag_TCK/O           |
+-----------+-----------+---------------------+------------+-----------------+--------------+-------------+-----------------+---------------------+--------------+-------------------------------------+----------------------------+
* Clock Loads column represents the clock pin loads (pin count)
** Non-Clock Loads column represents the non-clock pin loads (pin count)


4. Clock Regions: Key Resource Utilization
------------------------------------------

+-------------------+--------------+--------------+--------------+--------------+--------------+--------------+--------------+--------------+--------------+--------------+--------------+--------------+--------------+--------------+--------------+
|                   | Global Clock |     BUFRs    |    BUFMRs    |    BUFIOs    |     MMCM     |      PLL     |      GT      |      PCI     |    ILOGIC    |    OLOGIC    |      FF      |     LUTM     |    RAMB18    |    RAMB36    |    DSP48E2   |
+-------------------+------+-------+------+-------+------+-------+------+-------+------+-------+------+-------+------+-------+------+-------+------+-------+------+-------+------+-------+------+-------+------+-------+------+-------+------+-------+
| Clock Region Name | Used | Avail | Used | Avail | Used | Avail | Used | Avail | Used | Avail | Used | Avail | Used | Avail | Used | Avail | Used | Avail | Used | Avail | Used | Avail | Used | Avail | Used | Avail | Used | Avail | Used | Avail |
+-------------------+------+-------+------+-------+------+-------+------+-------+------+-------+------+-------+------+-------+------+-------+------+-------+------+-------+------+-------+------+-------+------+-------+------+-------+------+-------+
| X0Y0              |    0 |    12 |    0 |     4 |    0 |     2 |    0 |     4 |    0 |     1 |    0 |     1 |    0 |     4 |    0 |     0 |    0 |    50 |    0 |    50 |    0 |  2700 |    0 |   800 |    0 |    60 |    0 |    30 |    0 |    60 |
| X1Y0              |    0 |    12 |    0 |     4 |    0 |     2 |    0 |     4 |    0 |     1 |    0 |     1 |    0 |     4 |    0 |     0 |    0 |    50 |    0 |    50 |    0 |  2500 |    0 |   800 |    0 |    40 |    0 |    20 |    0 |    40 |
| X0Y1              |    1 |    12 |    0 |     4 |    0 |     2 |    0 |     4 |    0 |     1 |    0 |     1 |    0 |     0 |    0 |     0 |    0 |    50 |    0 |    50 |   22 |  4200 |   10 |  1400 |    0 |   100 |   15 |    50 |    0 |   100 |
| X1Y1              |    1 |    12 |    0 |     4 |    0 |     2 |    0 |     4 |    0 |     1 |    0 |     1 |    0 |     0 |    0 |     0 |    0 |    50 |    0 |    50 |    4 |  4000 |    0 |  1400 |    0 |    80 |    0 |    40 |    0 |    80 |
| X0Y2              |    3 |    12 |    0 |     4 |    0 |     2 |    0 |     4 |    0 |     1 |    0 |     1 |    0 |     0 |    0 |     0 |    0 |    50 |    0 |    50 | 4094 |  3600 | 1594 |  1400 |    2 |   100 |   32 |    50 |    0 |   100 |
| X1Y2              |    4 |    12 |    0 |     4 |    0 |     2 |    0 |     4 |    1 |     1 |    0 |     1 |    0 |     0 |    0 |     0 |    0 |    50 |    0 |    50 |  266 |  4000 |  112 |  1400 |    0 |    80 |    1 |    40 |    0 |    80 |
| X0Y3              |    2 |    12 |    0 |     4 |    0 |     2 |    0 |     4 |    0 |     1 |    0 |     1 |    0 |     0 |    0 |     0 |    0 |    50 |    0 |    50 | 5087 |  3600 | 2129 |  1400 |    0 |   100 |    0 |    50 |    0 |   100 |
| X1Y3              |    0 |    12 |    0 |     4 |    0 |     2 |    0 |     4 |    0 |     1 |    0 |     1 |    0 |     0 |    0 |     0 |    0 |    50 |    0 |    50 |    0 |  4000 |    0 |  1400 |    0 |    80 |    0 |    40 |    0 |    80 |
| X0Y4              |    2 |    12 |    0 |     4 |    0 |     2 |    0 |     4 |    0 |     1 |    0 |     1 |    0 |     4 |    0 |     1 |    0 |    50 |    0 |    50 |  309 |  2550 |  141 |   750 |    0 |    50 |    0 |    25 |    0 |    60 |
| X1Y4              |    0 |    12 |    0 |     4 |    0 |     2 |    0 |     4 |    0 |     1 |    0 |     1 |    0 |     4 |    0 |     0 |    0 |    50 |    0 |    50 |    0 |  2500 |    0 |   800 |    0 |    40 |    0 |    20 |    0 |    40 |
+-------------------+------+-------+------+-------+------+-------+------+-------+------+-------+------+-------+------+-------+------+-------+------+-------+------+-------+------+-------+------+-------+------+-------+------+-------+------+-------+
* Global Clock column represents track count; while other columns represents cell counts


5. Clock Regions : Global Clock Summary
---------------------------------------

All Modules
+----+----+----+
|    | X0 | X1 |
+----+----+----+
| Y4 |  2 |  0 |
| Y3 |  2 |  0 |
| Y2 |  3 |  4 |
| Y1 |  1 |  1 |
| Y0 |  0 |  0 |
+----+----+----+


6. Device Cell Placement Summary for Global Clock g0
----------------------------------------------------

+-----------+-----------------+-------------------+----------+-------------+----------------+-------------+----------+----------------+----------+-----------------------+
| Global Id | Driver Type/Pin | Driver Region (D) | Clock    | Period (ns) | Waveform (ns)  | Slice Loads | IO Loads | Clocking Loads | GT Loads | Net                   |
+-----------+-----------------+-------------------+----------+-------------+----------------+-------------+----------+----------------+----------+-----------------------+
| g0        | BUFG/O          | n/a               | Multiple |      62.500 | {0.000 31.250} |        8610 |        0 |              0 |        0 | ip_mmcm/inst/clk_out2 |
+-----------+-----------------+-------------------+----------+-------------+----------------+-------------+----------+----------------+----------+-----------------------+
* Logic Loads column represents load cell count of all cell types other than IO, GT and clock resources
** IO Loads column represents load cell count of IO types
*** Clocking Loads column represents load cell count that are clock resources (global clock buffer, MMCM, PLL, etc)
**** GT Loads column represents load cell count of GT types


+----+-------+------+
|    | X0    | X1   |
+----+-------+------+
| Y4 |   195 |    0 |
| Y3 |  4218 |    0 |
| Y2 |  3930 |  230 |
| Y1 |    37 |    0 |
| Y0 |     0 |    0 |
+----+-------+------+


7. Device Cell Placement Summary for Global Clock g1
----------------------------------------------------

+-----------+-----------------+-------------------+-------+-------------+---------------+-------------+----------+----------------+----------+------------------+
| Global Id | Driver Type/Pin | Driver Region (D) | Clock | Period (ns) | Waveform (ns) | Slice Loads | IO Loads | Clocking Loads | GT Loads | Net              |
+-----------+-----------------+-------------------+-------+-------------+---------------+-------------+----------+----------------+----------+------------------+
| g1        | BUFG/O          | n/a               |       |             |               |         988 |        0 |              0 |        0 | CLK32768KHZ_BUFG |
+-----------+-----------------+-------------------+-------+-------------+---------------+-------------+----------+----------------+----------+------------------+
* Logic Loads column represents load cell count of all cell types other than IO, GT and clock resources
** IO Loads column represents load cell count of IO types
*** Clocking Loads column represents load cell count that are clock resources (global clock buffer, MMCM, PLL, etc)
**** GT Loads column represents load cell count of GT types


+----+------+----+
|    | X0   | X1 |
+----+------+----+
| Y4 |  114 |  0 |
| Y3 |  870 |  0 |
| Y2 |    4 |  0 |
| Y1 |    0 |  0 |
| Y0 |    0 |  0 |
+----+------+----+


8. Device Cell Placement Summary for Global Clock g2
----------------------------------------------------

+-----------+-----------------+-------------------+-------+-------------+---------------+-------------+----------+----------------+----------+----------------------------------+
| Global Id | Driver Type/Pin | Driver Region (D) | Clock | Period (ns) | Waveform (ns) | Slice Loads | IO Loads | Clocking Loads | GT Loads | Net                              |
+-----------+-----------------+-------------------+-------+-------------+---------------+-------------+----------+----------------+----------+----------------------------------+
| g2        | BUFG/O          | n/a               |       |             |               |         197 |        0 |              0 |        0 | dut_io_pads_jtag_TCK_i_ival_BUFG |
+-----------+-----------------+-------------------+-------+-------------+---------------+-------------+----------+----------------+----------+----------------------------------+
* Logic Loads column represents load cell count of all cell types other than IO, GT and clock resources
** IO Loads column represents load cell count of IO types
*** Clocking Loads column represents load cell count that are clock resources (global clock buffer, MMCM, PLL, etc)
**** GT Loads column represents load cell count of GT types


+----+------+----+
|    | X0   | X1 |
+----+------+----+
| Y4 |    0 |  0 |
| Y3 |    0 |  0 |
| Y2 |  197 |  0 |
| Y1 |    0 |  0 |
| Y0 |    0 |  0 |
+----+------+----+


9. Device Cell Placement Summary for Global Clock g3
----------------------------------------------------

+-----------+-----------------+-------------------+----------+-------------+---------------+-------------+----------+----------------+----------+-----------------------+
| Global Id | Driver Type/Pin | Driver Region (D) | Clock    | Period (ns) | Waveform (ns) | Slice Loads | IO Loads | Clocking Loads | GT Loads | Net                   |
+-----------+-----------------+-------------------+----------+-------------+---------------+-------------+----------+----------------+----------+-----------------------+
| g3        | BUFG/O          | n/a               | Multiple |      10.000 | {0.000 5.000} |          33 |        0 |              0 |        0 | ip_mmcm/inst/clk_out3 |
+-----------+-----------------+-------------------+----------+-------------+---------------+-------------+----------+----------------+----------+-----------------------+
* Logic Loads column represents load cell count of all cell types other than IO, GT and clock resources
** IO Loads column represents load cell count of IO types
*** Clocking Loads column represents load cell count that are clock resources (global clock buffer, MMCM, PLL, etc)
**** GT Loads column represents load cell count of GT types


+----+----+-----+
|    | X0 | X1  |
+----+----+-----+
| Y4 |  0 |   0 |
| Y3 |  0 |   0 |
| Y2 |  0 |  29 |
| Y1 |  0 |   4 |
| Y0 |  0 |   0 |
+----+----+-----+


10. Device Cell Placement Summary for Global Clock g4
-----------------------------------------------------

+-----------+-----------------+-------------------+----------+-------------+----------------+-------------+----------+----------------+----------+-----------------------+
| Global Id | Driver Type/Pin | Driver Region (D) | Clock    | Period (ns) | Waveform (ns)  | Slice Loads | IO Loads | Clocking Loads | GT Loads | Net                   |
+-----------+-----------------+-------------------+----------+-------------+----------------+-------------+----------+----------------+----------+-----------------------+
| g4        | BUFG/O          | n/a               | Multiple |     119.219 | {0.000 59.609} |           8 |        0 |              0 |        0 | ip_mmcm/inst/clk_out1 |
+-----------+-----------------+-------------------+----------+-------------+----------------+-------------+----------+----------------+----------+-----------------------+
* Logic Loads column represents load cell count of all cell types other than IO, GT and clock resources
** IO Loads column represents load cell count of IO types
*** Clocking Loads column represents load cell count that are clock resources (global clock buffer, MMCM, PLL, etc)
**** GT Loads column represents load cell count of GT types


+----+----+----+
|    | X0 | X1 |
+----+----+----+
| Y4 |  0 |  0 |
| Y3 |  0 |  0 |
| Y2 |  0 |  8 |
| Y1 |  0 |  0 |
| Y0 |  0 |  0 |
+----+----+----+


11. Device Cell Placement Summary for Global Clock g5
-----------------------------------------------------

+-----------+-----------------+-------------------+----------+-------------+----------------+-------------+----------+----------------+----------+--------------------------------+
| Global Id | Driver Type/Pin | Driver Region (D) | Clock    | Period (ns) | Waveform (ns)  | Slice Loads | IO Loads | Clocking Loads | GT Loads | Net                            |
+-----------+-----------------+-------------------+----------+-------------+----------------+-------------+----------+----------------+----------+--------------------------------+
| g5        | BUFG/O          | n/a               | Multiple |      20.000 | {0.000 10.000} |           0 |        0 |              1 |        0 | ip_mmcm/inst/clkfbout_buf_mmcm |
+-----------+-----------------+-------------------+----------+-------------+----------------+-------------+----------+----------------+----------+--------------------------------+
* Logic Loads column represents load cell count of all cell types other than IO, GT and clock resources
** IO Loads column represents load cell count of IO types
*** Clocking Loads column represents load cell count that are clock resources (global clock buffer, MMCM, PLL, etc)
**** GT Loads column represents load cell count of GT types


+----+----+----+
|    | X0 | X1 |
+----+----+----+
| Y4 |  0 |  0 |
| Y3 |  0 |  0 |
| Y2 |  0 |  1 |
| Y1 |  0 |  0 |
| Y0 |  0 |  0 |
+----+----+----+


12. Clock Region Cell Placement per Global Clock: Region X0Y1
-------------------------------------------------------------

+-----------+-------+-----------------+------------+-------------+-----------------+----+--------+------+-----+----+------+-----+---------+-----------------------+
| Global Id | Track | Driver Type/Pin | Constraint | Clock Loads | Non-Clock Loads | FF | LUTRAM | RAMB | DSP | GT | MMCM | PLL | Hard IP | Net                   |
+-----------+-------+-----------------+------------+-------------+-----------------+----+--------+------+-----+----+------+-----+---------+-----------------------+
| g0        | n/a   | BUFG/O          | None       |          37 |               0 | 22 |      0 |   15 |   0 |  0 |    0 |   0 |       0 | ip_mmcm/inst/clk_out2 |
+-----------+-------+-----------------+------------+-------------+-----------------+----+--------+------+-----+----+------+-----+---------+-----------------------+
* Clock Loads column represents the clock pin loads (pin count)
** Non-Clock Loads column represents the non-clock pin loads (pin count)
*** Columns FF, LUTRAM, RAMB through 'Hard IP' represents load cell counts


13. Clock Region Cell Placement per Global Clock: Region X1Y1
-------------------------------------------------------------

+-----------+-------+-----------------+------------+-------------+-----------------+----+--------+------+-----+----+------+-----+---------+-----------------------+
| Global Id | Track | Driver Type/Pin | Constraint | Clock Loads | Non-Clock Loads | FF | LUTRAM | RAMB | DSP | GT | MMCM | PLL | Hard IP | Net                   |
+-----------+-------+-----------------+------------+-------------+-----------------+----+--------+------+-----+----+------+-----+---------+-----------------------+
| g3        | n/a   | BUFG/O          | None       |           4 |               0 |  4 |      0 |    0 |   0 |  0 |    0 |   0 |       0 | ip_mmcm/inst/clk_out3 |
+-----------+-------+-----------------+------------+-------------+-----------------+----+--------+------+-----+----+------+-----+---------+-----------------------+
* Clock Loads column represents the clock pin loads (pin count)
** Non-Clock Loads column represents the non-clock pin loads (pin count)
*** Columns FF, LUTRAM, RAMB through 'Hard IP' represents load cell counts


14. Clock Region Cell Placement per Global Clock: Region X0Y2
-------------------------------------------------------------

+-----------+-------+-----------------+------------+-------------+-----------------+------+--------+------+-----+----+------+-----+---------+----------------------------------+
| Global Id | Track | Driver Type/Pin | Constraint | Clock Loads | Non-Clock Loads | FF   | LUTRAM | RAMB | DSP | GT | MMCM | PLL | Hard IP | Net                              |
+-----------+-------+-----------------+------------+-------------+-----------------+------+--------+------+-----+----+------+-----+---------+----------------------------------+
| g0        | n/a   | BUFG/O          | None       |        3930 |               0 | 3894 |      0 |   34 |   0 |  0 |    0 |   0 |       0 | ip_mmcm/inst/clk_out2            |
| g1        | n/a   | BUFG/O          | None       |           4 |               0 |    3 |      1 |    0 |   0 |  0 |    0 |   0 |       0 | CLK32768KHZ_BUFG                 |
| g2        | n/a   | BUFG/O          | None       |         197 |               0 |  197 |      0 |    0 |   0 |  0 |    0 |   0 |       0 | dut_io_pads_jtag_TCK_i_ival_BUFG |
+-----------+-------+-----------------+------------+-------------+-----------------+------+--------+------+-----+----+------+-----+---------+----------------------------------+
* Clock Loads column represents the clock pin loads (pin count)
** Non-Clock Loads column represents the non-clock pin loads (pin count)
*** Columns FF, LUTRAM, RAMB through 'Hard IP' represents load cell counts


15. Clock Region Cell Placement per Global Clock: Region X1Y2
-------------------------------------------------------------

+-----------+-------+-----------------+------------+-------------+-----------------+-----+--------+------+-----+----+------+-----+---------+--------------------------------+
| Global Id | Track | Driver Type/Pin | Constraint | Clock Loads | Non-Clock Loads | FF  | LUTRAM | RAMB | DSP | GT | MMCM | PLL | Hard IP | Net                            |
+-----------+-------+-----------------+------------+-------------+-----------------+-----+--------+------+-----+----+------+-----+---------+--------------------------------+
| g0        | n/a   | BUFG/O          | None       |         230 |               0 | 229 |      0 |    1 |   0 |  0 |    0 |   0 |       0 | ip_mmcm/inst/clk_out2          |
| g3        | n/a   | BUFG/O          | None       |          29 |               0 |  29 |      0 |    0 |   0 |  0 |    0 |   0 |       0 | ip_mmcm/inst/clk_out3          |
| g4        | n/a   | BUFG/O          | None       |           8 |               0 |   8 |      0 |    0 |   0 |  0 |    0 |   0 |       0 | ip_mmcm/inst/clk_out1          |
| g5        | n/a   | BUFG/O          | None       |           1 |               0 |   0 |      0 |    0 |   0 |  0 |    1 |   0 |       0 | ip_mmcm/inst/clkfbout_buf_mmcm |
+-----------+-------+-----------------+------------+-------------+-----------------+-----+--------+------+-----+----+------+-----+---------+--------------------------------+
* Clock Loads column represents the clock pin loads (pin count)
** Non-Clock Loads column represents the non-clock pin loads (pin count)
*** Columns FF, LUTRAM, RAMB through 'Hard IP' represents load cell counts


16. Clock Region Cell Placement per Global Clock: Region X0Y3
-------------------------------------------------------------

+-----------+-------+-----------------+------------+-------------+-----------------+------+--------+------+-----+----+------+-----+---------+-----------------------+
| Global Id | Track | Driver Type/Pin | Constraint | Clock Loads | Non-Clock Loads | FF   | LUTRAM | RAMB | DSP | GT | MMCM | PLL | Hard IP | Net                   |
+-----------+-------+-----------------+------------+-------------+-----------------+------+--------+------+-----+----+------+-----+---------+-----------------------+
| g0        | n/a   | BUFG/O          | None       |        4218 |               0 | 4218 |      0 |    0 |   0 |  0 |    0 |   0 |       0 | ip_mmcm/inst/clk_out2 |
| g1        | n/a   | BUFG/O          | None       |         869 |               1 |  870 |      0 |    0 |   0 |  0 |    0 |   0 |       0 | CLK32768KHZ_BUFG      |
+-----------+-------+-----------------+------------+-------------+-----------------+------+--------+------+-----+----+------+-----+---------+-----------------------+
* Clock Loads column represents the clock pin loads (pin count)
** Non-Clock Loads column represents the non-clock pin loads (pin count)
*** Columns FF, LUTRAM, RAMB through 'Hard IP' represents load cell counts


17. Clock Region Cell Placement per Global Clock: Region X0Y4
-------------------------------------------------------------

+-----------+-------+-----------------+------------+-------------+-----------------+-----+--------+------+-----+----+------+-----+---------+-----------------------+
| Global Id | Track | Driver Type/Pin | Constraint | Clock Loads | Non-Clock Loads | FF  | LUTRAM | RAMB | DSP | GT | MMCM | PLL | Hard IP | Net                   |
+-----------+-------+-----------------+------------+-------------+-----------------+-----+--------+------+-----+----+------+-----+---------+-----------------------+
| g0        | n/a   | BUFG/O          | None       |         195 |               0 | 195 |      0 |    0 |   0 |  0 |    0 |   0 |       0 | ip_mmcm/inst/clk_out2 |
| g1        | n/a   | BUFG/O          | None       |         114 |               0 | 114 |      0 |    0 |   0 |  0 |    0 |   0 |       0 | CLK32768KHZ_BUFG      |
+-----------+-------+-----------------+------------+-------------+-----------------+-----+--------+------+-----+----+------+-----+---------+-----------------------+
* Clock Loads column represents the clock pin loads (pin count)
** Non-Clock Loads column represents the non-clock pin loads (pin count)
*** Columns FF, LUTRAM, RAMB through 'Hard IP' represents load cell counts



# Location of BUFG Primitives 
set_property LOC BUFGCTRL_X0Y5 [get_cells ip_mmcm/inst/clkf_buf]
set_property LOC BUFGCTRL_X0Y3 [get_cells ip_mmcm/inst/clkout3_buf]
set_property LOC BUFGCTRL_X0Y0 [get_cells ip_mmcm/inst/clkout2_buf]
set_property LOC BUFGCTRL_X0Y4 [get_cells ip_mmcm/inst/clkout1_buf]
set_property LOC BUFGCTRL_X0Y2 [get_cells dut_io_pads_jtag_TCK_i_ival_BUFG_inst]
set_property LOC BUFGCTRL_X0Y1 [get_cells CLK32768KHZ_BUFG_inst]

# Location of IO Primitives which is load of clock spine

# Location of clock ports
set_property LOC IOB_X1Y124 [get_ports CLK50MHZ]

# Clock net "ip_mmcm/inst/clk_out3" driven by instance "ip_mmcm/inst/clkout3_buf" located at site "BUFGCTRL_X0Y3"
#startgroup
create_pblock {CLKAG_ip_mmcm/inst/clk_out3}
add_cells_to_pblock [get_pblocks  {CLKAG_ip_mmcm/inst/clk_out3}] [get_cells -filter { PRIMITIVE_GROUP != I/O && IS_PRIMITIVE==1 && PRIMITIVE_LEVEL !=INTERNAL } -of_object [get_pins -filter {DIRECTION==IN} -of_objects [get_nets -hierarchical -filter {PARENT=="ip_mmcm/inst/clk_out3"}]]]
resize_pblock [get_pblocks {CLKAG_ip_mmcm/inst/clk_out3}] -add {CLOCKREGION_X1Y1:CLOCKREGION_X1Y1 CLOCKREGION_X1Y2:CLOCKREGION_X1Y2}
#endgroup

# Clock net "ip_mmcm/inst/clk_out2" driven by instance "ip_mmcm/inst/clkout2_buf" located at site "BUFGCTRL_X0Y0"
#startgroup
create_pblock {CLKAG_ip_mmcm/inst/clk_out2}
add_cells_to_pblock [get_pblocks  {CLKAG_ip_mmcm/inst/clk_out2}] [get_cells -filter { PRIMITIVE_GROUP != I/O && IS_PRIMITIVE==1 && PRIMITIVE_LEVEL !=INTERNAL } -of_object [get_pins -filter {DIRECTION==IN} -of_objects [get_nets -hierarchical -filter {PARENT=="ip_mmcm/inst/clk_out2"}]]]
resize_pblock [get_pblocks {CLKAG_ip_mmcm/inst/clk_out2}] -add {CLOCKREGION_X0Y1:CLOCKREGION_X0Y1 CLOCKREGION_X0Y2:CLOCKREGION_X0Y2 CLOCKREGION_X0Y3:CLOCKREGION_X0Y3 CLOCKREGION_X0Y4:CLOCKREGION_X0Y4 CLOCKREGION_X1Y2:CLOCKREGION_X1Y2}
#endgroup

# Clock net "ip_mmcm/inst/clk_out1" driven by instance "ip_mmcm/inst/clkout1_buf" located at site "BUFGCTRL_X0Y4"
#startgroup
create_pblock {CLKAG_ip_mmcm/inst/clk_out1}
add_cells_to_pblock [get_pblocks  {CLKAG_ip_mmcm/inst/clk_out1}] [get_cells -filter { PRIMITIVE_GROUP != I/O && IS_PRIMITIVE==1 && PRIMITIVE_LEVEL !=INTERNAL } -of_object [get_pins -filter {DIRECTION==IN} -of_objects [get_nets -hierarchical -filter {PARENT=="ip_mmcm/inst/clk_out1"}]]]
resize_pblock [get_pblocks {CLKAG_ip_mmcm/inst/clk_out1}] -add {CLOCKREGION_X1Y2:CLOCKREGION_X1Y2}
#endgroup

# Clock net "dut_io_pads_jtag_TCK_i_ival_BUFG" driven by instance "dut_io_pads_jtag_TCK_i_ival_BUFG_inst" located at site "BUFGCTRL_X0Y2"
#startgroup
create_pblock {CLKAG_dut_io_pads_jtag_TCK_i_ival_BUFG}
add_cells_to_pblock [get_pblocks  {CLKAG_dut_io_pads_jtag_TCK_i_ival_BUFG}] [get_cells -filter { PRIMITIVE_GROUP != I/O && IS_PRIMITIVE==1 && PRIMITIVE_LEVEL !=INTERNAL } -of_object [get_pins -filter {DIRECTION==IN} -of_objects [get_nets -hierarchical -filter {PARENT=="dut_io_pads_jtag_TCK_i_ival_BUFG"}]]]
resize_pblock [get_pblocks {CLKAG_dut_io_pads_jtag_TCK_i_ival_BUFG}] -add {CLOCKREGION_X0Y2:CLOCKREGION_X0Y2}
#endgroup

# Clock net "CLK32768KHZ_BUFG" driven by instance "CLK32768KHZ_BUFG_inst" located at site "BUFGCTRL_X0Y1"
#startgroup
create_pblock {CLKAG_CLK32768KHZ_BUFG}
add_cells_to_pblock [get_pblocks  {CLKAG_CLK32768KHZ_BUFG}] [get_cells -filter { PRIMITIVE_GROUP != I/O && IS_PRIMITIVE==1 && PRIMITIVE_LEVEL !=INTERNAL } -of_object [get_pins -filter {DIRECTION==IN} -of_objects [get_nets -hierarchical -filter {PARENT=="CLK32768KHZ_BUFG"}]]]
resize_pblock [get_pblocks {CLKAG_CLK32768KHZ_BUFG}] -add {CLOCKREGION_X0Y2:CLOCKREGION_X0Y2 CLOCKREGION_X0Y3:CLOCKREGION_X0Y3 CLOCKREGION_X0Y4:CLOCKREGION_X0Y4}
#endgroup
